[heavy_code_industry.gitee.io/code_heavy_industry/index.html]
[backblue.gif]
[fade.gif]
[index.html]
[heavy_code_industry.gitee.io/code_heavy_industry/assets/css/0.styles.f7de6701.css]
[heavy_code_industry.gitee.io/code_heavy_industry/assets/js/4.904e76b5.js]
[heavy_code_industry.gitee.io/code_heavy_industry/assets/js/335.9272b0cc.js]
[heavy_code_industry.gitee.io/code_heavy_industry/assets/js/1.d66e04b2.js]
[heavy_code_industry.gitee.io/code_heavy_industry/assets/js/100.384331b2.js]
[heavy_code_industry.gitee.io/code_heavy_industry/assets/js/10.7093d550.js]
[heavy_code_industry.gitee.io/code_heavy_industry/assets/js/101.582f78e7.js]
[heavy_code_industry.gitee.io/code_heavy_industry/assets/js/102.17f2c0ec.js]
[heavy_code_industry.gitee.io/code_heavy_industry/assets/js/103.a530857d.js]
[heavy_code_industry.gitee.io/code_heavy_industry/assets/js/104.62821ce1.js]
[heavy_code_industry.gitee.io/code_heavy_industry/assets/js/105.11cdcc82.js]
[heavy_code_industry.gitee.io/code_heavy_industry/assets/js/106.d57c1e75.js]
[heavy_code_industry.gitee.io/code_heavy_industry/assets/js/107.7ebeb306.js]
[heavy_code_industry.gitee.io/code_heavy_industry/assets/js/app.972bd0f0.js]
[heavy_code_industry.gitee.io/code_heavy_industry/assets/js/108.c067b47b.js]
[heavy_code_industry.gitee.io/code_heavy_industry/assets/js/109.9495d2ca.js]
[heavy_code_industry.gitee.io/code_heavy_industry/assets/js/11.acc2935e.js]
[heavy_code_industry.gitee.io/code_heavy_industry/assets/js/110.7f58dbd3.js]
[heavy_code_industry.gitee.io/code_heavy_industry/assets/js/111.f78239ff.js]
[heavy_code_industry.gitee.io/code_heavy_industry/assets/js/112.8eb72445.js]
[heavy_code_industry.gitee.io/code_heavy_industry/assets/js/113.3f5aff71.js]
[heavy_code_industry.gitee.io/code_heavy_industry/assets/js/114.9f65cf57.js]
[heavy_code_industry.gitee.io/code_heavy_industry/assets/js/115.dcaea004.js]
[heavy_code_industry.gitee.io/code_heavy_industry/assets/js/116.726c5aac.js]
[heavy_code_industry.gitee.io/code_heavy_industry/assets/js/117.54d6c26a.js]
[heavy_code_industry.gitee.io/code_heavy_industry/assets/js/118.3f4e0bda.js]
[heavy_code_industry.gitee.io/code_heavy_industry/assets/js/119.95ed5dc6.js]
[heavy_code_industry.gitee.io/code_heavy_industry/assets/js/12.a5354f50.js]
[heavy_code_industry.gitee.io/code_heavy_industry/assets/js/120.4fd08fac.js]
[heavy_code_industry.gitee.io/code_heavy_industry/assets/js/121.f4aadbe5.js]
[heavy_code_industry.gitee.io/code_heavy_industry/assets/js/122.d588a1e0.js]
[heavy_code_industry.gitee.io/code_heavy_industry/assets/js/123.781e7192.js]
[heavy_code_industry.gitee.io/code_heavy_industry/assets/js/124.ed312291.js]
[heavy_code_industry.gitee.io/code_heavy_industry/assets/js/125.bceffbb9.js]
[heavy_code_industry.gitee.io/code_heavy_industry/assets/js/126.51bf552f.js]
[heavy_code_industry.gitee.io/code_heavy_industry/assets/js/127.4800687b.js]
[heavy_code_industry.gitee.io/code_heavy_industry/assets/js/128.fcdd6f2a.js]
[heavy_code_industry.gitee.io/code_heavy_industry/assets/js/129.2a25d78a.js]
[heavy_code_industry.gitee.io/code_heavy_industry/assets/js/13.88a0c565.js]
[heavy_code_industry.gitee.io/code_heavy_industry/assets/js/130.dcfe7623.js]
[heavy_code_industry.gitee.io/code_heavy_industry/assets/js/131.c29e7c45.js]
[heavy_code_industry.gitee.io/code_heavy_industry/assets/js/132.9a412a4b.js]
[heavy_code_industry.gitee.io/code_heavy_industry/assets/js/133.615218d5.js]
[heavy_code_industry.gitee.io/code_heavy_industry/assets/js/134.2168ca5a.js]
[heavy_code_industry.gitee.io/code_heavy_industry/assets/js/135.a5e262ff.js]
[heavy_code_industry.gitee.io/code_heavy_industry/assets/js/136.7dba5235.js]
[heavy_code_industry.gitee.io/code_heavy_industry/assets/js/137.445576e7.js]
[heavy_code_industry.gitee.io/code_heavy_industry/assets/js/138.577b3f66.js]
[heavy_code_industry.gitee.io/code_heavy_industry/assets/js/139.b646f1ac.js]
[heavy_code_industry.gitee.io/code_heavy_industry/assets/js/14.36391765.js]
[heavy_code_industry.gitee.io/code_heavy_industry/assets/js/140.52abf81e.js]
[heavy_code_industry.gitee.io/code_heavy_industry/assets/js/141.807c626b.js]
[heavy_code_industry.gitee.io/code_heavy_industry/assets/js/142.adf9e127.js]
[heavy_code_industry.gitee.io/code_heavy_industry/assets/js/143.9773d979.js]
[heavy_code_industry.gitee.io/code_heavy_industry/assets/js/144.5658ae76.js]
[heavy_code_industry.gitee.io/code_heavy_industry/assets/js/145.2d2fb13b.js]
[heavy_code_industry.gitee.io/code_heavy_industry/assets/js/146.0e322019.js]
[heavy_code_industry.gitee.io/code_heavy_industry/assets/js/147.50b34ac1.js]
[heavy_code_industry.gitee.io/code_heavy_industry/assets/js/148.463aab7c.js]
[heavy_code_industry.gitee.io/code_heavy_industry/assets/js/149.9bd7c539.js]
[heavy_code_industry.gitee.io/code_heavy_industry/assets/js/15.4a8e9d28.js]
[heavy_code_industry.gitee.io/code_heavy_industry/assets/js/150.9449ca28.js]
[heavy_code_industry.gitee.io/code_heavy_industry/assets/js/151.1961c6db.js]
[heavy_code_industry.gitee.io/code_heavy_industry/assets/js/152.18709656.js]
[heavy_code_industry.gitee.io/code_heavy_industry/assets/js/153.a4bf78f6.js]
[heavy_code_industry.gitee.io/code_heavy_industry/assets/js/154.6c90b1d5.js]
[heavy_code_industry.gitee.io/code_heavy_industry/assets/js/155.024247e2.js]
[heavy_code_industry.gitee.io/code_heavy_industry/assets/js/156.76281b57.js]
[heavy_code_industry.gitee.io/code_heavy_industry/assets/js/157.a7c02212.js]
[heavy_code_industry.gitee.io/code_heavy_industry/assets/js/158.0d00acef.js]
[heavy_code_industry.gitee.io/code_heavy_industry/assets/js/159.9180c937.js]
[heavy_code_industry.gitee.io/code_heavy_industry/assets/js/16.87793b5d.js]
[heavy_code_industry.gitee.io/code_heavy_industry/assets/js/160.d7a98288.js]
[heavy_code_industry.gitee.io/code_heavy_industry/assets/js/161.389ddf84.js]
[heavy_code_industry.gitee.io/code_heavy_industry/assets/js/162.ab22d7dc.js]
[heavy_code_industry.gitee.io/code_heavy_industry/assets/js/163.087257c6.js]
[heavy_code_industry.gitee.io/code_heavy_industry/assets/js/164.addfc5af.js]
[heavy_code_industry.gitee.io/code_heavy_industry/assets/js/165.f90e6b2a.js]
[heavy_code_industry.gitee.io/code_heavy_industry/assets/js/166.fa06e4b6.js]
[heavy_code_industry.gitee.io/code_heavy_industry/assets/js/167.a00e722b.js]
[heavy_code_industry.gitee.io/code_heavy_industry/assets/js/168.e3855223.js]
[heavy_code_industry.gitee.io/code_heavy_industry/assets/js/169.e0c63a4e.js]
[heavy_code_industry.gitee.io/code_heavy_industry/assets/js/17.dec86310.js]
[heavy_code_industry.gitee.io/code_heavy_industry/assets/js/170.7c5835f4.js]
[heavy_code_industry.gitee.io/code_heavy_industry/assets/js/171.7d9ae110.js]
[heavy_code_industry.gitee.io/code_heavy_industry/assets/js/172.4da5caea.js]
[heavy_code_industry.gitee.io/code_heavy_industry/assets/js/173.f8ac6155.js]
[heavy_code_industry.gitee.io/code_heavy_industry/assets/js/174.3b831765.js]
[heavy_code_industry.gitee.io/code_heavy_industry/assets/js/175.01782f3d.js]
[heavy_code_industry.gitee.io/code_heavy_industry/assets/js/176.6eab6644.js]
[heavy_code_industry.gitee.io/code_heavy_industry/assets/js/177.86339767.js]
[heavy_code_industry.gitee.io/code_heavy_industry/assets/js/178.c437c804.js]
[heavy_code_industry.gitee.io/code_heavy_industry/assets/js/179.927227c9.js]
[heavy_code_industry.gitee.io/code_heavy_industry/assets/js/180.caa2c660.js]
[heavy_code_industry.gitee.io/code_heavy_industry/assets/js/18.9167733d.js]
[heavy_code_industry.gitee.io/code_heavy_industry/assets/js/181.c186b8ac.js]
[heavy_code_industry.gitee.io/code_heavy_industry/assets/js/182.0475844f.js]
[heavy_code_industry.gitee.io/code_heavy_industry/assets/js/183.2c5950c8.js]
[heavy_code_industry.gitee.io/code_heavy_industry/assets/js/184.82b336f6.js]
[heavy_code_industry.gitee.io/code_heavy_industry/assets/js/185.e2d4a46e.js]
[heavy_code_industry.gitee.io/code_heavy_industry/assets/js/186.99a3de8a.js]
[heavy_code_industry.gitee.io/code_heavy_industry/assets/js/187.d557500c.js]
[heavy_code_industry.gitee.io/code_heavy_industry/assets/js/188.e81bd251.js]
[heavy_code_industry.gitee.io/code_heavy_industry/assets/js/189.d07d368a.js]
[heavy_code_industry.gitee.io/code_heavy_industry/assets/js/19.017b4ad0.js]
[heavy_code_industry.gitee.io/code_heavy_industry/assets/js/190.173606ea.js]
[heavy_code_industry.gitee.io/code_heavy_industry/assets/js/191.c5ac0c71.js]
[heavy_code_industry.gitee.io/code_heavy_industry/assets/js/192.127d6d93.js]
[heavy_code_industry.gitee.io/code_heavy_industry/assets/js/193.2f9011c9.js]
[heavy_code_industry.gitee.io/code_heavy_industry/assets/js/194.14f534a3.js]
[heavy_code_industry.gitee.io/code_heavy_industry/assets/js/195.65939036.js]
[heavy_code_industry.gitee.io/code_heavy_industry/assets/js/196.6e3cf025.js]
[heavy_code_industry.gitee.io/code_heavy_industry/assets/js/197.4d18b1d7.js]
[heavy_code_industry.gitee.io/code_heavy_industry/assets/js/198.c2e521c3.js]
[heavy_code_industry.gitee.io/code_heavy_industry/assets/js/199.d72c63dd.js]
[heavy_code_industry.gitee.io/code_heavy_industry/assets/js/20.6aa686d0.js]
[heavy_code_industry.gitee.io/code_heavy_industry/assets/js/200.56d7dbd3.js]
[heavy_code_industry.gitee.io/code_heavy_industry/assets/js/201.c72a395d.js]
[heavy_code_industry.gitee.io/code_heavy_industry/assets/js/202.cb32f7af.js]
[heavy_code_industry.gitee.io/code_heavy_industry/assets/js/203.285e6b92.js]
[heavy_code_industry.gitee.io/code_heavy_industry/assets/js/204.ead50027.js]
[heavy_code_industry.gitee.io/code_heavy_industry/assets/js/205.190c1baf.js]
[heavy_code_industry.gitee.io/code_heavy_industry/assets/js/206.4dab4ba0.js]
[heavy_code_industry.gitee.io/code_heavy_industry/assets/js/207.f11eee48.js]
[heavy_code_industry.gitee.io/code_heavy_industry/assets/js/208.e2f8ca82.js]
[heavy_code_industry.gitee.io/code_heavy_industry/assets/js/209.e7e74aff.js]
[heavy_code_industry.gitee.io/code_heavy_industry/assets/js/21.f7d66fe8.js]
[heavy_code_industry.gitee.io/code_heavy_industry/assets/js/210.69c4a0ed.js]
[heavy_code_industry.gitee.io/code_heavy_industry/assets/js/211.a1ab5062.js]
[heavy_code_industry.gitee.io/code_heavy_industry/assets/js/212.6d0473bd.js]
[heavy_code_industry.gitee.io/code_heavy_industry/assets/js/213.bd120419.js]
[heavy_code_industry.gitee.io/code_heavy_industry/assets/js/214.c7d4362c.js]
[heavy_code_industry.gitee.io/code_heavy_industry/assets/js/215.8adc34dc.js]
[heavy_code_industry.gitee.io/code_heavy_industry/assets/js/216.abf8ff23.js]
[heavy_code_industry.gitee.io/code_heavy_industry/assets/js/217.10f9fc46.js]
[heavy_code_industry.gitee.io/code_heavy_industry/assets/js/218.52e31fec.js]
[heavy_code_industry.gitee.io/code_heavy_industry/assets/js/219.ea0551af.js]
[heavy_code_industry.gitee.io/code_heavy_industry/assets/js/22.b1de9b18.js]
[heavy_code_industry.gitee.io/code_heavy_industry/assets/js/220.6be520c8.js]
[heavy_code_industry.gitee.io/code_heavy_industry/assets/js/221.c0d93576.js]
[heavy_code_industry.gitee.io/code_heavy_industry/assets/js/222.1bb0eaff.js]
[heavy_code_industry.gitee.io/code_heavy_industry/assets/js/223.8492b065.js]
[heavy_code_industry.gitee.io/code_heavy_industry/assets/js/224.5897434e.js]
[heavy_code_industry.gitee.io/code_heavy_industry/assets/js/225.51902428.js]
[heavy_code_industry.gitee.io/code_heavy_industry/assets/js/226.9da70eee.js]
[heavy_code_industry.gitee.io/code_heavy_industry/assets/js/227.9e113839.js]
[heavy_code_industry.gitee.io/code_heavy_industry/assets/js/228.d689b27d.js]
[heavy_code_industry.gitee.io/code_heavy_industry/assets/js/229.28f74090.js]
[heavy_code_industry.gitee.io/code_heavy_industry/assets/js/23.e3b58d3d.js]
[heavy_code_industry.gitee.io/code_heavy_industry/assets/js/230.465a35a0.js]
[heavy_code_industry.gitee.io/code_heavy_industry/assets/js/231.219aeb63.js]
[heavy_code_industry.gitee.io/code_heavy_industry/assets/js/232.84035c50.js]
[heavy_code_industry.gitee.io/code_heavy_industry/assets/js/233.ef27424d.js]
[heavy_code_industry.gitee.io/code_heavy_industry/assets/js/234.5dcf1349.js]
[heavy_code_industry.gitee.io/code_heavy_industry/assets/js/235.bcc0c537.js]
[heavy_code_industry.gitee.io/code_heavy_industry/assets/js/236.9bb64465.js]
[heavy_code_industry.gitee.io/code_heavy_industry/assets/js/237.f3300514.js]
[heavy_code_industry.gitee.io/code_heavy_industry/assets/js/238.ca7af9ac.js]
[heavy_code_industry.gitee.io/code_heavy_industry/assets/js/239.fdfe2127.js]
[heavy_code_industry.gitee.io/code_heavy_industry/assets/js/240.8a4488af.js]
[heavy_code_industry.gitee.io/code_heavy_industry/assets/js/24.2e010582.js]
[heavy_code_industry.gitee.io/code_heavy_industry/assets/js/241.9987dfab.js]
[heavy_code_industry.gitee.io/code_heavy_industry/assets/js/242.819ed984.js]
[heavy_code_industry.gitee.io/code_heavy_industry/assets/js/243.bf129ecd.js]
[heavy_code_industry.gitee.io/code_heavy_industry/assets/js/244.030b4b49.js]
[heavy_code_industry.gitee.io/code_heavy_industry/assets/js/245.7663f620.js]
[heavy_code_industry.gitee.io/code_heavy_industry/assets/js/246.ed2b2fc0.js]
[heavy_code_industry.gitee.io/code_heavy_industry/assets/js/247.54dd84f1.js]
[heavy_code_industry.gitee.io/code_heavy_industry/assets/js/248.a1c69038.js]
[heavy_code_industry.gitee.io/code_heavy_industry/assets/js/249.47dd7b3b.js]
[heavy_code_industry.gitee.io/code_heavy_industry/assets/js/250.ec8017a5.js]
[heavy_code_industry.gitee.io/code_heavy_industry/assets/js/251.89ab0cf7.js]
[heavy_code_industry.gitee.io/code_heavy_industry/assets/js/252.5ec1eea4.js]
[heavy_code_industry.gitee.io/code_heavy_industry/assets/js/253.31a37280.js]
[heavy_code_industry.gitee.io/code_heavy_industry/assets/js/25.a5f2f737.js]
[heavy_code_industry.gitee.io/code_heavy_industry/assets/js/254.fcfabb55.js]
[heavy_code_industry.gitee.io/code_heavy_industry/assets/js/255.286f4c17.js]
[heavy_code_industry.gitee.io/code_heavy_industry/assets/js/256.ce77595b.js]
[heavy_code_industry.gitee.io/code_heavy_industry/assets/js/257.cb3677c0.js]
[heavy_code_industry.gitee.io/code_heavy_industry/assets/js/258.ca18e0e9.js]
[heavy_code_industry.gitee.io/code_heavy_industry/assets/js/259.65dc8492.js]
[heavy_code_industry.gitee.io/code_heavy_industry/assets/js/26.cce346fc.js]
[heavy_code_industry.gitee.io/code_heavy_industry/assets/js/260.475ddaba.js]
[heavy_code_industry.gitee.io/code_heavy_industry/assets/js/261.643b784a.js]
[heavy_code_industry.gitee.io/code_heavy_industry/assets/js/262.e5092c67.js]
[heavy_code_industry.gitee.io/code_heavy_industry/assets/js/263.5e85d32e.js]
[heavy_code_industry.gitee.io/code_heavy_industry/assets/js/264.6ff4b789.js]
[heavy_code_industry.gitee.io/code_heavy_industry/assets/js/265.fee7416a.js]
[heavy_code_industry.gitee.io/code_heavy_industry/assets/js/266.8d8a5e44.js]
[heavy_code_industry.gitee.io/code_heavy_industry/assets/js/267.8c62a655.js]
[heavy_code_industry.gitee.io/code_heavy_industry/assets/js/268.762073ff.js]
[heavy_code_industry.gitee.io/code_heavy_industry/assets/js/269.ffe69921.js]
[heavy_code_industry.gitee.io/code_heavy_industry/assets/js/270.d5bf783f.js]
[heavy_code_industry.gitee.io/code_heavy_industry/assets/js/27.22790cda.js]
[heavy_code_industry.gitee.io/code_heavy_industry/assets/js/271.83fd2f70.js]
[heavy_code_industry.gitee.io/code_heavy_industry/assets/js/272.6de67fa9.js]
[heavy_code_industry.gitee.io/code_heavy_industry/assets/js/273.628e1b77.js]
[heavy_code_industry.gitee.io/code_heavy_industry/assets/js/274.7f0d82c6.js]
[heavy_code_industry.gitee.io/code_heavy_industry/assets/js/275.d4478098.js]
[heavy_code_industry.gitee.io/code_heavy_industry/assets/js/276.56649e5b.js]
[heavy_code_industry.gitee.io/code_heavy_industry/assets/js/277.05b881f2.js]
[heavy_code_industry.gitee.io/code_heavy_industry/assets/js/278.c079de28.js]
[heavy_code_industry.gitee.io/code_heavy_industry/assets/js/279.58101972.js]
[heavy_code_industry.gitee.io/code_heavy_industry/assets/js/28.ac0ba3fa.js]
[heavy_code_industry.gitee.io/code_heavy_industry/assets/js/280.5e32c770.js]
[heavy_code_industry.gitee.io/code_heavy_industry/assets/js/281.59fb6cf4.js]
[heavy_code_industry.gitee.io/code_heavy_industry/assets/js/282.f22da512.js]
[heavy_code_industry.gitee.io/code_heavy_industry/assets/js/283.db103d63.js]
[heavy_code_industry.gitee.io/code_heavy_industry/assets/js/284.a373c7e0.js]
[heavy_code_industry.gitee.io/code_heavy_industry/assets/js/285.55c6f720.js]
[heavy_code_industry.gitee.io/code_heavy_industry/assets/js/286.f924c38c.js]
[heavy_code_industry.gitee.io/code_heavy_industry/assets/js/287.52a35525.js]
[heavy_code_industry.gitee.io/code_heavy_industry/assets/js/288.dcc32270.js]
[heavy_code_industry.gitee.io/code_heavy_industry/assets/js/289.835ad2b5.js]
[heavy_code_industry.gitee.io/code_heavy_industry/assets/js/29.6e1dc238.js]
[heavy_code_industry.gitee.io/code_heavy_industry/assets/js/290.749e38a9.js]
[heavy_code_industry.gitee.io/code_heavy_industry/assets/js/291.90916822.js]
[heavy_code_industry.gitee.io/code_heavy_industry/assets/js/292.b453b275.js]
[heavy_code_industry.gitee.io/code_heavy_industry/assets/js/293.11ad0754.js]
[heavy_code_industry.gitee.io/code_heavy_industry/assets/js/294.dddc45b9.js]
[heavy_code_industry.gitee.io/code_heavy_industry/assets/js/295.74ecca38.js]
[heavy_code_industry.gitee.io/code_heavy_industry/assets/js/296.2061efa6.js]
[heavy_code_industry.gitee.io/code_heavy_industry/assets/js/297.b838fcd5.js]
[heavy_code_industry.gitee.io/code_heavy_industry/assets/js/298.8c08be1f.js]
[heavy_code_industry.gitee.io/code_heavy_industry/assets/js/299.5a99490b.js]
[heavy_code_industry.gitee.io/code_heavy_industry/assets/js/300.a5010762.js]
[heavy_code_industry.gitee.io/code_heavy_industry/assets/js/301.a2f8795a.js]
[heavy_code_industry.gitee.io/code_heavy_industry/assets/js/302.129bdff3.js]
[heavy_code_industry.gitee.io/code_heavy_industry/assets/js/303.57268b2c.js]
[heavy_code_industry.gitee.io/code_heavy_industry/assets/js/304.5556b94f.js]
[heavy_code_industry.gitee.io/code_heavy_industry/assets/js/305.72bbf9b8.js]
[heavy_code_industry.gitee.io/code_heavy_industry/assets/js/30.64f9cad0.js]
[heavy_code_industry.gitee.io/code_heavy_industry/assets/js/306.821163a7.js]
[heavy_code_industry.gitee.io/code_heavy_industry/assets/js/3.9ca9fb75.js]
[heavy_code_industry.gitee.io/code_heavy_industry/assets/js/307.b85ceac7.js]
[heavy_code_industry.gitee.io/code_heavy_industry/assets/js/308.7f794216.js]
[heavy_code_industry.gitee.io/code_heavy_industry/assets/js/309.212b7a1d.js]
[heavy_code_industry.gitee.io/code_heavy_industry/assets/js/31.386297cc.js]
[heavy_code_industry.gitee.io/code_heavy_industry/assets/js/310.089b4a08.js]
[heavy_code_industry.gitee.io/code_heavy_industry/assets/js/311.c7f6aabd.js]
[heavy_code_industry.gitee.io/code_heavy_industry/assets/js/312.810271c0.js]
[heavy_code_industry.gitee.io/code_heavy_industry/assets/js/313.030424f0.js]
[heavy_code_industry.gitee.io/code_heavy_industry/assets/js/314.a95451b6.js]
[heavy_code_industry.gitee.io/code_heavy_industry/assets/js/315.f883b88e.js]
[heavy_code_industry.gitee.io/code_heavy_industry/assets/js/316.676ed945.js]
[heavy_code_industry.gitee.io/code_heavy_industry/assets/js/317.0dcbeaef.js]
[heavy_code_industry.gitee.io/code_heavy_industry/assets/js/318.bd172af6.js]
[heavy_code_industry.gitee.io/code_heavy_industry/assets/js/319.e2d01ca1.js]
[heavy_code_industry.gitee.io/code_heavy_industry/assets/js/32.8927ba28.js]
[heavy_code_industry.gitee.io/code_heavy_industry/assets/js/320.09b01482.js]
[heavy_code_industry.gitee.io/code_heavy_industry/assets/js/321.3b70dce2.js]
[heavy_code_industry.gitee.io/code_heavy_industry/assets/js/322.5f7046ad.js]
[heavy_code_industry.gitee.io/code_heavy_industry/assets/js/323.ffd56783.js]
[heavy_code_industry.gitee.io/code_heavy_industry/assets/js/324.cfe0b188.js]
[heavy_code_industry.gitee.io/code_heavy_industry/assets/js/325.cc2f1112.js]
[heavy_code_industry.gitee.io/code_heavy_industry/assets/js/326.635a861b.js]
[heavy_code_industry.gitee.io/code_heavy_industry/assets/js/327.94eacc0e.js]
[heavy_code_industry.gitee.io/code_heavy_industry/assets/js/328.7d4790fb.js]
[heavy_code_industry.gitee.io/code_heavy_industry/assets/js/329.38f7ef56.js]
[heavy_code_industry.gitee.io/code_heavy_industry/assets/js/33.bd1f28e6.js]
[heavy_code_industry.gitee.io/code_heavy_industry/assets/js/330.269edfe2.js]
[heavy_code_industry.gitee.io/code_heavy_industry/assets/js/331.21623a36.js]
[heavy_code_industry.gitee.io/code_heavy_industry/assets/js/332.1f1c659c.js]
[heavy_code_industry.gitee.io/code_heavy_industry/assets/js/333.fe34384d.js]
[heavy_code_industry.gitee.io/code_heavy_industry/assets/js/334.34a514a7.js]
[heavy_code_industry.gitee.io/code_heavy_industry/assets/js/336.796dcaf9.js]
[heavy_code_industry.gitee.io/code_heavy_industry/assets/js/337.bfd29430.js]
[heavy_code_industry.gitee.io/code_heavy_industry/assets/js/338.fdb020fd.js]
[heavy_code_industry.gitee.io/code_heavy_industry/assets/js/339.d7f19890.js]
[heavy_code_industry.gitee.io/code_heavy_industry/assets/js/34.36a2460a.js]
[heavy_code_industry.gitee.io/code_heavy_industry/assets/js/340.b22b3f52.js]
[heavy_code_industry.gitee.io/code_heavy_industry/assets/js/341.47e1d3f4.js]
[heavy_code_industry.gitee.io/code_heavy_industry/assets/js/342.38ca17d1.js]
[heavy_code_industry.gitee.io/code_heavy_industry/assets/js/343.2e7874e5.js]
[heavy_code_industry.gitee.io/code_heavy_industry/assets/js/344.6697aea1.js]
[heavy_code_industry.gitee.io/code_heavy_industry/assets/js/345.ad3be23a.js]
[heavy_code_industry.gitee.io/code_heavy_industry/assets/js/346.d40fa749.js]
[heavy_code_industry.gitee.io/code_heavy_industry/assets/js/347.881934aa.js]
[heavy_code_industry.gitee.io/code_heavy_industry/assets/js/348.2e8d29b9.js]
[heavy_code_industry.gitee.io/code_heavy_industry/assets/js/349.87f51cb4.js]
[heavy_code_industry.gitee.io/code_heavy_industry/assets/js/35.80f36815.js]
[heavy_code_industry.gitee.io/code_heavy_industry/assets/js/350.06081b68.js]
[heavy_code_industry.gitee.io/code_heavy_industry/assets/js/351.f883c9ae.js]
[heavy_code_industry.gitee.io/code_heavy_industry/assets/js/352.8fcd0728.js]
[heavy_code_industry.gitee.io/code_heavy_industry/assets/js/353.2dd787b0.js]
[heavy_code_industry.gitee.io/code_heavy_industry/assets/js/354.689db664.js]
[heavy_code_industry.gitee.io/code_heavy_industry/assets/js/355.b9a083ea.js]
[heavy_code_industry.gitee.io/code_heavy_industry/assets/js/356.3eaa4bf3.js]
[heavy_code_industry.gitee.io/code_heavy_industry/assets/js/357.2f05ac11.js]
[heavy_code_industry.gitee.io/code_heavy_industry/assets/js/358.c6777610.js]
[heavy_code_industry.gitee.io/code_heavy_industry/assets/js/359.2ae0c8ac.js]
[heavy_code_industry.gitee.io/code_heavy_industry/assets/js/36.f9bba134.js]
[heavy_code_industry.gitee.io/code_heavy_industry/assets/js/360.c9811603.js]
[heavy_code_industry.gitee.io/code_heavy_industry/assets/js/361.5c3068d4.js]
[heavy_code_industry.gitee.io/code_heavy_industry/assets/js/362.a80ddcc6.js]
[heavy_code_industry.gitee.io/code_heavy_industry/assets/js/363.ccbb8d6e.js]
[heavy_code_industry.gitee.io/code_heavy_industry/assets/js/364.8da5de40.js]
[heavy_code_industry.gitee.io/code_heavy_industry/assets/js/365.0d9f6c8a.js]
[heavy_code_industry.gitee.io/code_heavy_industry/assets/js/366.e410e582.js]
[heavy_code_industry.gitee.io/code_heavy_industry/assets/js/367.f8689b17.js]
[heavy_code_industry.gitee.io/code_heavy_industry/assets/js/368.57119763.js]
[heavy_code_industry.gitee.io/code_heavy_industry/assets/js/369.f92c7aed.js]
[heavy_code_industry.gitee.io/code_heavy_industry/assets/js/37.8935c848.js]
[heavy_code_industry.gitee.io/code_heavy_industry/assets/js/370.8e896c3a.js]
[heavy_code_industry.gitee.io/code_heavy_industry/assets/js/371.e2565759.js]
[heavy_code_industry.gitee.io/code_heavy_industry/assets/js/372.0028b0ce.js]
[heavy_code_industry.gitee.io/code_heavy_industry/assets/js/373.82bfe997.js]
[heavy_code_industry.gitee.io/code_heavy_industry/assets/js/374.434f814f.js]
[heavy_code_industry.gitee.io/code_heavy_industry/assets/js/375.8478c681.js]
[heavy_code_industry.gitee.io/code_heavy_industry/assets/js/376.998ce2de.js]
[heavy_code_industry.gitee.io/code_heavy_industry/assets/js/377.670e9be5.js]
[heavy_code_industry.gitee.io/code_heavy_industry/assets/js/378.c9cfc01b.js]
[heavy_code_industry.gitee.io/code_heavy_industry/assets/js/379.0aacc719.js]
[heavy_code_industry.gitee.io/code_heavy_industry/assets/js/38.86fba1a7.js]
[heavy_code_industry.gitee.io/code_heavy_industry/assets/js/380.14a91411.js]
[heavy_code_industry.gitee.io/code_heavy_industry/assets/js/381.9e783c93.js]
[heavy_code_industry.gitee.io/code_heavy_industry/assets/js/382.cf2ffc03.js]
[heavy_code_industry.gitee.io/code_heavy_industry/assets/js/383.c32b0740.js]
[heavy_code_industry.gitee.io/code_heavy_industry/assets/js/384.4280025f.js]
[heavy_code_industry.gitee.io/code_heavy_industry/assets/js/385.a816d541.js]
[heavy_code_industry.gitee.io/code_heavy_industry/assets/js/386.1d8fc395.js]
[heavy_code_industry.gitee.io/code_heavy_industry/assets/js/387.bc22626f.js]
[heavy_code_industry.gitee.io/code_heavy_industry/assets/js/388.1cf59352.js]
[heavy_code_industry.gitee.io/code_heavy_industry/assets/js/389.a09795bf.js]
[heavy_code_industry.gitee.io/code_heavy_industry/assets/js/39.c8c0ff8e.js]
[heavy_code_industry.gitee.io/code_heavy_industry/assets/js/390.6a223692.js]
[heavy_code_industry.gitee.io/code_heavy_industry/assets/js/391.733d45f0.js]
[heavy_code_industry.gitee.io/code_heavy_industry/assets/js/392.d76fd3df.js]
[heavy_code_industry.gitee.io/code_heavy_industry/assets/js/393.c885df90.js]
[heavy_code_industry.gitee.io/code_heavy_industry/assets/js/394.c344d389.js]
[heavy_code_industry.gitee.io/code_heavy_industry/assets/js/395.687cbd0a.js]
[heavy_code_industry.gitee.io/code_heavy_industry/assets/js/396.57e0df54.js]
[heavy_code_industry.gitee.io/code_heavy_industry/assets/js/397.1a31ad36.js]
[heavy_code_industry.gitee.io/code_heavy_industry/assets/js/398.59535325.js]
[heavy_code_industry.gitee.io/code_heavy_industry/assets/js/399.0a11557f.js]
[heavy_code_industry.gitee.io/code_heavy_industry/assets/js/40.c0f7e504.js]
[heavy_code_industry.gitee.io/code_heavy_industry/assets/js/400.7b2afabb.js]
[heavy_code_industry.gitee.io/code_heavy_industry/assets/js/401.4b72ea6e.js]
[heavy_code_industry.gitee.io/code_heavy_industry/assets/js/402.b94737bf.js]
[heavy_code_industry.gitee.io/code_heavy_industry/assets/js/403.a838c189.js]
[heavy_code_industry.gitee.io/code_heavy_industry/assets/js/404.9a221abc.js]
[heavy_code_industry.gitee.io/code_heavy_industry/assets/js/405.f8f3b954.js]
[heavy_code_industry.gitee.io/code_heavy_industry/assets/js/406.2de8752c.js]
[heavy_code_industry.gitee.io/code_heavy_industry/assets/js/407.eb35a188.js]
[heavy_code_industry.gitee.io/code_heavy_industry/assets/js/408.47acaedf.js]
[heavy_code_industry.gitee.io/code_heavy_industry/assets/js/409.aa2afaca.js]
[heavy_code_industry.gitee.io/code_heavy_industry/assets/js/41.e7e858c4.js]
[heavy_code_industry.gitee.io/code_heavy_industry/assets/js/410.722e5009.js]
[heavy_code_industry.gitee.io/code_heavy_industry/assets/js/411.2dbe321f.js]
[heavy_code_industry.gitee.io/code_heavy_industry/assets/js/412.39ed2d1e.js]
[heavy_code_industry.gitee.io/code_heavy_industry/assets/js/413.a088f973.js]
[heavy_code_industry.gitee.io/code_heavy_industry/assets/js/414.87f8d239.js]
[heavy_code_industry.gitee.io/code_heavy_industry/assets/js/415.f90a1394.js]
[heavy_code_industry.gitee.io/code_heavy_industry/assets/js/416.ea4ba38d.js]
[heavy_code_industry.gitee.io/code_heavy_industry/assets/js/417.8a1c9676.js]
[heavy_code_industry.gitee.io/code_heavy_industry/assets/js/418.79315748.js]
[heavy_code_industry.gitee.io/code_heavy_industry/assets/js/419.1e3ddf12.js]
[heavy_code_industry.gitee.io/code_heavy_industry/assets/js/42.8202bb44.js]
[heavy_code_industry.gitee.io/code_heavy_industry/assets/js/420.b6d9e0cb.js]
[heavy_code_industry.gitee.io/code_heavy_industry/assets/js/421.0c74ef64.js]
[heavy_code_industry.gitee.io/code_heavy_industry/assets/js/422.94c20620.js]
[heavy_code_industry.gitee.io/code_heavy_industry/assets/js/423.fa0d6946.js]
[heavy_code_industry.gitee.io/code_heavy_industry/assets/js/424.9036ac4f.js]
[heavy_code_industry.gitee.io/code_heavy_industry/assets/js/425.8d8e82da.js]
[heavy_code_industry.gitee.io/code_heavy_industry/assets/js/426.03b7da89.js]
[heavy_code_industry.gitee.io/code_heavy_industry/assets/js/427.e3c8c690.js]
[heavy_code_industry.gitee.io/code_heavy_industry/assets/js/428.96fdfdce.js]
[heavy_code_industry.gitee.io/code_heavy_industry/assets/js/429.a8863be5.js]
[heavy_code_industry.gitee.io/code_heavy_industry/assets/js/43.55e30ded.js]
[heavy_code_industry.gitee.io/code_heavy_industry/assets/js/430.305aa090.js]
[heavy_code_industry.gitee.io/code_heavy_industry/assets/js/431.e02d3725.js]
[heavy_code_industry.gitee.io/code_heavy_industry/assets/js/432.83fa148f.js]
[heavy_code_industry.gitee.io/code_heavy_industry/assets/js/433.1f01715d.js]
[heavy_code_industry.gitee.io/code_heavy_industry/assets/js/434.f3354ec6.js]
[heavy_code_industry.gitee.io/code_heavy_industry/assets/js/435.245644ed.js]
[heavy_code_industry.gitee.io/code_heavy_industry/assets/js/436.3c933a14.js]
[heavy_code_industry.gitee.io/code_heavy_industry/assets/js/437.b62325fb.js]
[heavy_code_industry.gitee.io/code_heavy_industry/assets/js/438.8e122783.js]
[heavy_code_industry.gitee.io/code_heavy_industry/assets/js/439.e95fa7e6.js]
[heavy_code_industry.gitee.io/code_heavy_industry/assets/js/44.e5c90e7a.js]
[heavy_code_industry.gitee.io/code_heavy_industry/assets/js/440.5c168090.js]
[heavy_code_industry.gitee.io/code_heavy_industry/assets/js/441.f8835ac7.js]
[heavy_code_industry.gitee.io/code_heavy_industry/assets/js/442.cf1de5dc.js]
[heavy_code_industry.gitee.io/code_heavy_industry/assets/js/443.50ec8b3c.js]
[heavy_code_industry.gitee.io/code_heavy_industry/assets/js/444.1600e74f.js]
[heavy_code_industry.gitee.io/code_heavy_industry/assets/js/445.795f336d.js]
[heavy_code_industry.gitee.io/code_heavy_industry/assets/js/446.1fb71b0f.js]
[heavy_code_industry.gitee.io/code_heavy_industry/assets/js/447.0136df19.js]
[heavy_code_industry.gitee.io/code_heavy_industry/assets/js/448.abf11aa4.js]
[heavy_code_industry.gitee.io/code_heavy_industry/assets/js/449.4f99bee8.js]
[heavy_code_industry.gitee.io/code_heavy_industry/assets/js/45.89368cde.js]
[heavy_code_industry.gitee.io/code_heavy_industry/assets/js/450.55da381a.js]
[heavy_code_industry.gitee.io/code_heavy_industry/assets/js/451.97a68e8d.js]
[heavy_code_industry.gitee.io/code_heavy_industry/assets/js/452.9dd8c55e.js]
[heavy_code_industry.gitee.io/code_heavy_industry/assets/js/453.3167da0d.js]
[heavy_code_industry.gitee.io/code_heavy_industry/assets/js/454.18fad993.js]
[heavy_code_industry.gitee.io/code_heavy_industry/assets/js/455.24cbebda.js]
[heavy_code_industry.gitee.io/code_heavy_industry/assets/js/456.a2f19b40.js]
[heavy_code_industry.gitee.io/code_heavy_industry/assets/js/457.27f4fb5a.js]
[heavy_code_industry.gitee.io/code_heavy_industry/assets/js/458.29941084.js]
[heavy_code_industry.gitee.io/code_heavy_industry/assets/js/459.b0cc6f89.js]
[heavy_code_industry.gitee.io/code_heavy_industry/assets/js/46.1f553681.js]
[heavy_code_industry.gitee.io/code_heavy_industry/assets/js/460.86ef4965.js]
[heavy_code_industry.gitee.io/code_heavy_industry/assets/js/461.c0b0f695.js]
[heavy_code_industry.gitee.io/code_heavy_industry/assets/js/462.8b86c3a9.js]
[heavy_code_industry.gitee.io/code_heavy_industry/assets/js/463.79aadbb4.js]
[heavy_code_industry.gitee.io/code_heavy_industry/assets/js/464.9735f749.js]
[heavy_code_industry.gitee.io/code_heavy_industry/assets/js/465.4bdede2b.js]
[heavy_code_industry.gitee.io/code_heavy_industry/assets/js/466.ef630311.js]
[heavy_code_industry.gitee.io/code_heavy_industry/assets/js/467.8664e027.js]
[heavy_code_industry.gitee.io/code_heavy_industry/assets/js/468.89b3d4ff.js]
[heavy_code_industry.gitee.io/code_heavy_industry/assets/js/469.74e0af2c.js]
[heavy_code_industry.gitee.io/code_heavy_industry/assets/js/47.5f78034c.js]
[heavy_code_industry.gitee.io/code_heavy_industry/assets/js/470.9643f84e.js]
[heavy_code_industry.gitee.io/code_heavy_industry/assets/js/471.e3a1e16a.js]
[heavy_code_industry.gitee.io/code_heavy_industry/assets/js/472.116791e2.js]
[heavy_code_industry.gitee.io/code_heavy_industry/assets/js/473.3bb6cb3d.js]
[heavy_code_industry.gitee.io/code_heavy_industry/assets/js/474.1a7a0724.js]
[heavy_code_industry.gitee.io/code_heavy_industry/assets/js/475.76c29d71.js]
[heavy_code_industry.gitee.io/code_heavy_industry/assets/js/476.fe1fd93a.js]
[heavy_code_industry.gitee.io/code_heavy_industry/assets/js/477.e3f203de.js]
[heavy_code_industry.gitee.io/code_heavy_industry/assets/js/478.b34f8b1c.js]
[heavy_code_industry.gitee.io/code_heavy_industry/assets/js/479.06d48874.js]
[heavy_code_industry.gitee.io/code_heavy_industry/assets/js/480.ffc77ad4.js]
[heavy_code_industry.gitee.io/code_heavy_industry/assets/js/48.0c8a5846.js]
[heavy_code_industry.gitee.io/code_heavy_industry/assets/js/481.2475d5aa.js]
[heavy_code_industry.gitee.io/code_heavy_industry/assets/js/482.5da370b4.js]
[heavy_code_industry.gitee.io/code_heavy_industry/assets/js/483.2531f6c1.js]
[heavy_code_industry.gitee.io/code_heavy_industry/assets/js/484.3f8b3ccf.js]
[heavy_code_industry.gitee.io/code_heavy_industry/assets/js/485.fb51e0ee.js]
[heavy_code_industry.gitee.io/code_heavy_industry/assets/js/486.881d8443.js]
[heavy_code_industry.gitee.io/code_heavy_industry/assets/js/487.36a959cb.js]
[heavy_code_industry.gitee.io/code_heavy_industry/assets/js/488.086e154c.js]
[heavy_code_industry.gitee.io/code_heavy_industry/assets/js/489.2afd2906.js]
[heavy_code_industry.gitee.io/code_heavy_industry/assets/js/49.40a46041.js]
[heavy_code_industry.gitee.io/code_heavy_industry/assets/js/490.a517239f.js]
[heavy_code_industry.gitee.io/code_heavy_industry/assets/js/491.c1f416dd.js]
[heavy_code_industry.gitee.io/code_heavy_industry/assets/js/492.e36de27b.js]
[heavy_code_industry.gitee.io/code_heavy_industry/assets/js/493.af28d057.js]
[heavy_code_industry.gitee.io/code_heavy_industry/assets/js/494.00509c64.js]
[heavy_code_industry.gitee.io/code_heavy_industry/assets/js/495.8ed86db6.js]
[heavy_code_industry.gitee.io/code_heavy_industry/assets/js/496.412e9f2d.js]
[heavy_code_industry.gitee.io/code_heavy_industry/assets/js/497.ed9f0eeb.js]
[heavy_code_industry.gitee.io/code_heavy_industry/assets/js/498.2112afec.js]
[heavy_code_industry.gitee.io/code_heavy_industry/assets/js/499.743df60a.js]
[heavy_code_industry.gitee.io/code_heavy_industry/assets/js/50.54de97a0.js]
[heavy_code_industry.gitee.io/code_heavy_industry/assets/js/500.ab62befa.js]
[heavy_code_industry.gitee.io/code_heavy_industry/assets/js/5.6f1dbbc3.js]
[heavy_code_industry.gitee.io/code_heavy_industry/assets/js/501.0d54ba9a.js]
[heavy_code_industry.gitee.io/code_heavy_industry/assets/js/502.2f3bf836.js]
[heavy_code_industry.gitee.io/code_heavy_industry/assets/js/503.c3473b0e.js]
[heavy_code_industry.gitee.io/code_heavy_industry/assets/js/504.cb511490.js]
[heavy_code_industry.gitee.io/code_heavy_industry/assets/js/505.a2cc8bdc.js]
[heavy_code_industry.gitee.io/code_heavy_industry/assets/js/506.f8ea663a.js]
[heavy_code_industry.gitee.io/code_heavy_industry/assets/js/507.9cc67e94.js]
[heavy_code_industry.gitee.io/code_heavy_industry/assets/js/508.e08708a1.js]
[heavy_code_industry.gitee.io/code_heavy_industry/assets/js/509.437502c3.js]
[heavy_code_industry.gitee.io/code_heavy_industry/assets/js/51.af5d6a98.js]
[heavy_code_industry.gitee.io/code_heavy_industry/assets/js/510.f5e8a583.js]
[heavy_code_industry.gitee.io/code_heavy_industry/assets/js/511.6fe511a5.js]
[heavy_code_industry.gitee.io/code_heavy_industry/assets/js/512.459d2d68.js]
[heavy_code_industry.gitee.io/code_heavy_industry/assets/js/513.a5f4a768.js]
[heavy_code_industry.gitee.io/code_heavy_industry/assets/js/514.5fd44c68.js]
[heavy_code_industry.gitee.io/code_heavy_industry/assets/js/515.c046ffb4.js]
[heavy_code_industry.gitee.io/code_heavy_industry/assets/js/516.a972f386.js]
[heavy_code_industry.gitee.io/code_heavy_industry/assets/js/517.7c804920.js]
[heavy_code_industry.gitee.io/code_heavy_industry/assets/js/518.ff4a2545.js]
[heavy_code_industry.gitee.io/code_heavy_industry/assets/js/519.b1a8d590.js]
[heavy_code_industry.gitee.io/code_heavy_industry/assets/js/52.b766b60a.js]
[heavy_code_industry.gitee.io/code_heavy_industry/assets/js/520.2d34cada.js]
[heavy_code_industry.gitee.io/code_heavy_industry/assets/js/521.f14247fe.js]
[heavy_code_industry.gitee.io/code_heavy_industry/assets/js/522.38b72172.js]
[heavy_code_industry.gitee.io/code_heavy_industry/assets/js/523.203fa4ac.js]
[heavy_code_industry.gitee.io/code_heavy_industry/assets/js/524.236cda03.js]
[heavy_code_industry.gitee.io/code_heavy_industry/assets/js/525.8caaad18.js]
[heavy_code_industry.gitee.io/code_heavy_industry/assets/js/526.9a217f1e.js]
[heavy_code_industry.gitee.io/code_heavy_industry/assets/js/527.06dc5a4f.js]
[heavy_code_industry.gitee.io/code_heavy_industry/assets/js/528.fa884c79.js]
[heavy_code_industry.gitee.io/code_heavy_industry/assets/js/529.d39c75ca.js]
[heavy_code_industry.gitee.io/code_heavy_industry/assets/js/530.65b18758.js]
[heavy_code_industry.gitee.io/code_heavy_industry/assets/js/53.eae65ff7.js]
[heavy_code_industry.gitee.io/code_heavy_industry/assets/js/531.85af388d.js]
[heavy_code_industry.gitee.io/code_heavy_industry/assets/js/532.9d3f253a.js]
[heavy_code_industry.gitee.io/code_heavy_industry/assets/js/533.77c2fa0b.js]
[heavy_code_industry.gitee.io/code_heavy_industry/assets/js/534.924b0eb2.js]
[heavy_code_industry.gitee.io/code_heavy_industry/assets/js/535.5854a4b0.js]
[heavy_code_industry.gitee.io/code_heavy_industry/assets/js/536.8b57b538.js]
[heavy_code_industry.gitee.io/code_heavy_industry/assets/js/537.ccb7ba0f.js]
[heavy_code_industry.gitee.io/code_heavy_industry/assets/js/538.b9c6c631.js]
[heavy_code_industry.gitee.io/code_heavy_industry/assets/js/539.63164d8a.js]
[heavy_code_industry.gitee.io/code_heavy_industry/assets/js/540.7e721167.js]
[heavy_code_industry.gitee.io/code_heavy_industry/assets/js/54.9b89b352.js]
[heavy_code_industry.gitee.io/code_heavy_industry/assets/js/541.0cd3f048.js]
[heavy_code_industry.gitee.io/code_heavy_industry/assets/js/542.6c5df759.js]
[heavy_code_industry.gitee.io/code_heavy_industry/assets/js/543.e1eebdf2.js]
[heavy_code_industry.gitee.io/code_heavy_industry/assets/js/544.a3042061.js]
[heavy_code_industry.gitee.io/code_heavy_industry/assets/js/545.1a468f89.js]
[heavy_code_industry.gitee.io/code_heavy_industry/assets/js/546.892c1841.js]
[heavy_code_industry.gitee.io/code_heavy_industry/assets/js/547.c6b5ef7e.js]
[heavy_code_industry.gitee.io/code_heavy_industry/assets/js/548.19d884b6.js]
[heavy_code_industry.gitee.io/code_heavy_industry/assets/js/549.7c34a773.js]
[heavy_code_industry.gitee.io/code_heavy_industry/assets/js/55.b8a1964e.js]
[heavy_code_industry.gitee.io/code_heavy_industry/assets/js/550.25f7d121.js]
[heavy_code_industry.gitee.io/code_heavy_industry/assets/js/551.b9f92580.js]
[heavy_code_industry.gitee.io/code_heavy_industry/assets/js/552.bf452147.js]
[heavy_code_industry.gitee.io/code_heavy_industry/assets/js/553.4815ac56.js]
[heavy_code_industry.gitee.io/code_heavy_industry/assets/js/554.c253ebb4.js]
[heavy_code_industry.gitee.io/code_heavy_industry/assets/js/555.4dbef2bf.js]
[heavy_code_industry.gitee.io/code_heavy_industry/assets/js/556.69f1a9f4.js]
[heavy_code_industry.gitee.io/code_heavy_industry/assets/js/557.679e8f40.js]
[heavy_code_industry.gitee.io/code_heavy_industry/assets/js/558.9515c7f8.js]
[heavy_code_industry.gitee.io/code_heavy_industry/assets/js/559.eb17cff7.js]
[heavy_code_industry.gitee.io/code_heavy_industry/assets/js/56.88fa6666.js]
[heavy_code_industry.gitee.io/code_heavy_industry/assets/js/560.0de96a04.js]
[heavy_code_industry.gitee.io/code_heavy_industry/assets/js/561.cdf49465.js]
[heavy_code_industry.gitee.io/code_heavy_industry/assets/js/562.2e895986.js]
[heavy_code_industry.gitee.io/code_heavy_industry/assets/js/563.40a31d36.js]
[heavy_code_industry.gitee.io/code_heavy_industry/assets/js/564.08f15bf2.js]
[heavy_code_industry.gitee.io/code_heavy_industry/assets/js/565.e7625c6a.js]
[heavy_code_industry.gitee.io/code_heavy_industry/assets/js/566.71ee556d.js]
[heavy_code_industry.gitee.io/code_heavy_industry/assets/js/567.7b3e4bc8.js]
[heavy_code_industry.gitee.io/code_heavy_industry/assets/js/568.1a3c07dc.js]
[heavy_code_industry.gitee.io/code_heavy_industry/assets/js/569.4c496338.js]
[heavy_code_industry.gitee.io/code_heavy_industry/assets/js/57.519e80e3.js]
[heavy_code_industry.gitee.io/code_heavy_industry/assets/js/570.d152813e.js]
[heavy_code_industry.gitee.io/code_heavy_industry/assets/js/571.e46946bd.js]
[heavy_code_industry.gitee.io/code_heavy_industry/assets/js/572.ae215a0d.js]
[heavy_code_industry.gitee.io/code_heavy_industry/assets/js/573.da7b2e6c.js]
[heavy_code_industry.gitee.io/code_heavy_industry/assets/js/574.f068c09e.js]
[heavy_code_industry.gitee.io/code_heavy_industry/assets/js/575.f2a128db.js]
[heavy_code_industry.gitee.io/code_heavy_industry/assets/js/576.caf5cd68.js]
[heavy_code_industry.gitee.io/code_heavy_industry/assets/js/577.b6c04041.js]
[heavy_code_industry.gitee.io/code_heavy_industry/assets/js/578.a7707d73.js]
[heavy_code_industry.gitee.io/code_heavy_industry/assets/js/579.ed17d056.js]
[heavy_code_industry.gitee.io/code_heavy_industry/assets/js/58.963c2309.js]
[heavy_code_industry.gitee.io/code_heavy_industry/assets/js/580.88a2ce36.js]
[heavy_code_industry.gitee.io/code_heavy_industry/assets/js/581.f99a65fa.js]
[heavy_code_industry.gitee.io/code_heavy_industry/assets/js/582.220ce66c.js]
[heavy_code_industry.gitee.io/code_heavy_industry/assets/js/583.5d42e8cc.js]
[heavy_code_industry.gitee.io/code_heavy_industry/assets/js/584.0737b3ce.js]
[heavy_code_industry.gitee.io/code_heavy_industry/assets/js/585.516b187d.js]
[heavy_code_industry.gitee.io/code_heavy_industry/assets/js/586.420c42c4.js]
[heavy_code_industry.gitee.io/code_heavy_industry/assets/js/587.e3deb3dd.js]
[heavy_code_industry.gitee.io/code_heavy_industry/assets/js/588.c9bfc1e3.js]
[heavy_code_industry.gitee.io/code_heavy_industry/assets/js/589.ee0f90f3.js]
[heavy_code_industry.gitee.io/code_heavy_industry/assets/js/590.ea859bba.js]
[heavy_code_industry.gitee.io/code_heavy_industry/assets/js/59.d9b10f83.js]
[heavy_code_industry.gitee.io/code_heavy_industry/assets/js/591.4b9781fd.js]
[heavy_code_industry.gitee.io/code_heavy_industry/assets/js/592.c9da8cab.js]
[heavy_code_industry.gitee.io/code_heavy_industry/assets/js/60.7e89993c.js]
[heavy_code_industry.gitee.io/code_heavy_industry/assets/js/61.f2039f26.js]
[heavy_code_industry.gitee.io/code_heavy_industry/assets/js/62.474d18a7.js]
[heavy_code_industry.gitee.io/code_heavy_industry/assets/js/6.064acd80.js]
[heavy_code_industry.gitee.io/code_heavy_industry/assets/js/64.4a3787c2.js]
[heavy_code_industry.gitee.io/code_heavy_industry/assets/js/65.120ee13f.js]
[heavy_code_industry.gitee.io/code_heavy_industry/assets/js/63.3a64d334.js]
[heavy_code_industry.gitee.io/code_heavy_industry/assets/js/66.e7ff207d.js]
[heavy_code_industry.gitee.io/code_heavy_industry/assets/js/67.55a68541.js]
[heavy_code_industry.gitee.io/code_heavy_industry/assets/js/68.33f8c7cd.js]
[heavy_code_industry.gitee.io/code_heavy_industry/assets/js/69.69d65c56.js]
[heavy_code_industry.gitee.io/code_heavy_industry/assets/js/7.ce2273f5.js]
[heavy_code_industry.gitee.io/code_heavy_industry/assets/js/70.93a544a5.js]
[heavy_code_industry.gitee.io/code_heavy_industry/assets/js/71.6eb8d306.js]
[heavy_code_industry.gitee.io/code_heavy_industry/assets/js/72.8cbae6a9.js]
[heavy_code_industry.gitee.io/code_heavy_industry/assets/js/73.c737f071.js]
[heavy_code_industry.gitee.io/code_heavy_industry/assets/js/74.d0ea9fc8.js]
[heavy_code_industry.gitee.io/code_heavy_industry/assets/js/75.2219607f.js]
[heavy_code_industry.gitee.io/code_heavy_industry/assets/js/76.278079e2.js]
[heavy_code_industry.gitee.io/code_heavy_industry/assets/js/77.88eadfbc.js]
[heavy_code_industry.gitee.io/code_heavy_industry/assets/js/78.257c919e.js]
[heavy_code_industry.gitee.io/code_heavy_industry/assets/js/79.e6f5d078.js]
[heavy_code_industry.gitee.io/code_heavy_industry/assets/js/80.40ba7856.js]
[heavy_code_industry.gitee.io/code_heavy_industry/assets/js/81.1fab2c8f.js]
[heavy_code_industry.gitee.io/code_heavy_industry/assets/js/8.e2571ee7.js]
[heavy_code_industry.gitee.io/code_heavy_industry/assets/js/82.6eaad50e.js]
[heavy_code_industry.gitee.io/code_heavy_industry/assets/js/83.9f3e6e81.js]
[heavy_code_industry.gitee.io/code_heavy_industry/assets/js/84.060f32c2.js]
[heavy_code_industry.gitee.io/code_heavy_industry/assets/js/85.c069396c.js]
[heavy_code_industry.gitee.io/code_heavy_industry/assets/js/86.ced213eb.js]
[heavy_code_industry.gitee.io/code_heavy_industry/assets/js/87.763c4879.js]
[heavy_code_industry.gitee.io/code_heavy_industry/assets/js/88.69fe1a6a.js]
[heavy_code_industry.gitee.io/code_heavy_industry/assets/js/89.b87612a8.js]
[heavy_code_industry.gitee.io/code_heavy_industry/assets/js/90.6132ccb6.js]
[heavy_code_industry.gitee.io/code_heavy_industry/assets/js/9.5f2fc60c.js]
[heavy_code_industry.gitee.io/code_heavy_industry/assets/js/91.27dbc3bd.js]
[heavy_code_industry.gitee.io/code_heavy_industry/assets/js/92.88832461.js]
[heavy_code_industry.gitee.io/code_heavy_industry/assets/js/93.0166bd69.js]
[heavy_code_industry.gitee.io/code_heavy_industry/assets/js/94.e29b12f1.js]
[heavy_code_industry.gitee.io/code_heavy_industry/assets/js/95.f1245827.js]
[heavy_code_industry.gitee.io/code_heavy_industry/assets/js/96.9c45438e.js]
[heavy_code_industry.gitee.io/code_heavy_industry/assets/js/97.e8783a06.js]
[heavy_code_industry.gitee.io/code_heavy_industry/assets/js/98.60628afa.js]
[heavy_code_industry.gitee.io/code_heavy_industry/assets/js/99.b3cb9d0f.js]
[heavy_code_industry.gitee.io/code_heavy_industry/read-me/index.html]
[heavy_code_industry.gitee.io/code_heavy_industry/read-me/vuepress.html]
[www.wolai.com/nnRjHcUSv2mrRbFKZUpBMS.html]
[heavy_code_industry.gitee.io/code_heavy_industry/pro001-javaweb/index.html]
[heavy_code_industry.gitee.io/code_heavy_industry/pro002-maven/index.html]
[heavy_code_industry.gitee.io/code_heavy_industry/pro003-Mybatis/index.html]
[heavy_code_industry.gitee.io/code_heavy_industry/pro015-Distributed-Transaction/index.html]
[heavy_code_industry.gitee.io/code_heavy_industry/pro004-Spring/index.html]
[heavy_code_industry.gitee.io/code_heavy_industry/pro016-JVM/index.html]
[heavy_code_industry.gitee.io/code_heavy_industry/pro017-JUC/index.html]
[heavy_code_industry.gitee.io/code_heavy_industry/pro006-Linux/index.html]
[heavy_code_industry.gitee.io/code_heavy_industry/pro018-MySQL-high/index.html]
[heavy_code_industry.gitee.io/code_heavy_industry/pro007-Redis/index.html]
[heavy_code_industry.gitee.io/code_heavy_industry/pro008-Git/index.html]
[heavy_code_industry.gitee.io/code_heavy_industry/pro009-Nginx/snapshot/index.html]
[heavy_code_industry.gitee.io/code_heavy_industry/pro000-dev-story/index.html]
[heavy_code_industry.gitee.io/code_heavy_industry/pro999-brain/index.html]
[heavy_code_industry.gitee.io/code_heavy_industry/pro012-ElasticSearch/index.html]
[heavy_code_industry.gitee.io/code_heavy_industry/index.html]
[heavy_code_industry.gitee.io/code_heavy_industry/pro998-interview/index.html]
[heavy_code_industry.gitee.io/code_heavy_industry/assets/css/0.styles.f7de6701.css]
[heavy_code_industry.gitee.io/code_heavy_industry/assets/img/img001.67cbb0e5.png]
[heavy_code_industry.gitee.io/code_heavy_industry/assets/img/img003.3d766f09.png]
[heavy_code_industry.gitee.io/code_heavy_industry/assets/img/img004.33c9656a.png]
[heavy_code_industry.gitee.io/code_heavy_industry/read-me/index.html]
[heavy_code_industry.gitee.io/code_heavy_industry/read-me/vuepress.html]
[heavy_code_industry.gitee.io/code_heavy_industry/index-2.html]
[cdn.wostatic.cn/wolai/wolai_og_icon.png]
[cdn.wostatic.cn/dist/wolai_apple_touch_icon_152.png]
[cdn.wostatic.cn/dist/wolai_apple_touch_icon_120.png]
[cdn.wostatic.cn/dist/wolai_apple_touch_icon_76.png]
[cdn.wostatic.cn/dist/wolai_apple_touch_icon_60.png]
[res.wx.qq.com/open/js/jweixin-1.6.0.js]
[cdn.wostatic.cn/dist/lib/bootstrap/4.4.1/css/bootstrap.min.css]
[cdn.wostatic.cn/dist/lib/katex/0.12.0/katex.min.custom.css]
[cdn.wostatic.cn/dist/lib/video-js/video-js.min.css]
[cdn.wostatic.cn/dist/lib/rhap/rhap.min.css]
[cdn.wostatic.cn/dist/css/contrib_7d1043473d55.d5ced871.css]
[cdn.wostatic.cn/dist/css/app.f58c803d.css]
[www.wolai.com/sw.js]
[cdn.wostatic.cn/dist/javascript/runtime.47f52f43.js]
[cdn.wostatic.cn/dist/javascript/vendors_91432f5a7ff8.ac6ba5eb.js]
[cdn.wostatic.cn/dist/javascript/packages_7d1043473d55.ed9a9fb5.js]
[cdn.wostatic.cn/dist/javascript/vendors_7d1043473d55.654b0756.js]
[cdn.wostatic.cn/dist/javascript/assets_91432f5a7ff8.af4d8188.js]
[cdn.wostatic.cn/dist/javascript/assets_7d1043473d55.59fb02f7.js]
[cdn.wostatic.cn/dist/javascript/contrib_7d1043473d55.3e2e4e01.js]
[cdn.wostatic.cn/dist/javascript/app.10941cc5.js]
[g.alicdn.com/IMM/office-js/1.1.2/aliyun-web-office-sdk.min.js]
[www.wolai.com/nnRjHcUSv2mrRbFKZUpBMS.html]
[heavy_code_industry.gitee.io/code_heavy_industry/pro001-javaweb/lecture/index.html]
[heavy_code_industry.gitee.io/code_heavy_industry/pro001-javaweb/index.html]
[heavy_code_industry.gitee.io/code_heavy_industry/pro001-javaweb/note/index.html]
[heavy_code_industry.gitee.io/code_heavy_industry/pro002-maven/chapter01/index.html]
[heavy_code_industry.gitee.io/code_heavy_industry/pro002-maven/chapter02/index.html]
[heavy_code_industry.gitee.io/code_heavy_industry/pro002-maven/chapter03/index.html]
[heavy_code_industry.gitee.io/code_heavy_industry/pro002-maven/chapter04/index.html]
[heavy_code_industry.gitee.io/code_heavy_industry/pro002-maven/chapter05/index.html]
[heavy_code_industry.gitee.io/code_heavy_industry/pro002-maven/chapter06/index.html]
[heavy_code_industry.gitee.io/code_heavy_industry/pro002-maven/chapter07/index.html]
[heavy_code_industry.gitee.io/code_heavy_industry/pro002-maven/chapter08/index.html]
[heavy_code_industry.gitee.io/code_heavy_industry/pro002-maven/chapter09/index.html]
[heavy_code_industry.gitee.io/code_heavy_industry/pro002-maven/index.html]
[heavy_code_industry.gitee.io/code_heavy_industry/pro002-maven/chapter10/index.html]
[heavy_code_industry.gitee.io/code_heavy_industry/pro003-Mybatis/index.html]
[heavy_code_industry.gitee.io/code_heavy_industry/pro003-Mybatis/lecture/index.html]
[heavy_code_industry.gitee.io/code_heavy_industry/assets/img/img002.fa8f65be.png]
[heavy_code_industry.gitee.io/code_heavy_industry/assets/img/img003.9c673aee.png]
[heavy_code_industry.gitee.io/code_heavy_industry/assets/img/image-20210927110449421.1f44173f.png]
[heavy_code_industry.gitee.io/code_heavy_industry/assets/img/image-20210927111458186.2b6e4639.png]
[heavy_code_industry.gitee.io/code_heavy_industry/assets/img/CAP.fb1dc229.jpg]
[heavy_code_industry.gitee.io/code_heavy_industry/assets/img/wpsD4A0.tmp.bd5469e1.jpg]
[heavy_code_industry.gitee.io/code_heavy_industry/assets/img/wpsD4A1.tmp.c20bc11f.jpg]
[heavy_code_industry.gitee.io/code_heavy_industry/assets/img/wpsD4B1.tmp.3c1aa7f9.jpg]
[heavy_code_industry.gitee.io/code_heavy_industry/assets/img/wpsD4B2.tmp.c18f661d.jpg]
[heavy_code_industry.gitee.io/code_heavy_industry/assets/img/wpsF260.tmp.682c5c92.jpg]
[heavy_code_industry.gitee.io/code_heavy_industry/assets/img/wpsF261.tmp.682a3809.jpg]
[heavy_code_industry.gitee.io/code_heavy_industry/assets/img/wpsF262.tmp.264ed4e9.jpg]
[heavy_code_industry.gitee.io/code_heavy_industry/assets/img/wpsF263.tmp.844aa590.jpg]
[heavy_code_industry.gitee.io/code_heavy_industry/assets/img/wpsF264.tmp.ea2f7bec.jpg]
[heavy_code_industry.gitee.io/code_heavy_industry/assets/img/wpsF265.tmp.08ceb6b7.jpg]
[heavy_code_industry.gitee.io/code_heavy_industry/assets/img/wps5410.tmp.1d8c1c00.jpg]
[heavy_code_industry.gitee.io/code_heavy_industry/assets/img/wps5411.tmp.1a417fb3.jpg]
[heavy_code_industry.gitee.io/code_heavy_industry/assets/img/rocketmq_design_10.4dfdf7d9.png]
[heavy_code_industry.gitee.io/code_heavy_industry/assets/img/image-20210927115442091.74f20e8e.png]
[heavy_code_industry.gitee.io/code_heavy_industry/assets/img/aaaaa.c278e4ed.jpg]
[img.alicdn.com/tfs/TB1xW0UwubviK0jSZFNXXaApXXa-718-521.png]
[img.alicdn.com/tfs/TB138wuwYj1gK0jSZFuXXcrHpXa-724-521.png]
[img.alicdn.com/tfs/TB14Kguw1H2gK0jSZJnXXaT1FXa-853-482.png]
[heavy_code_industry.gitee.io/code_heavy_industry/pro015-Distributed-Transaction/index.html]
[heavy_code_industry.gitee.io/code_heavy_industry/pro004-Spring/index.html]
[heavy_code_industry.gitee.io/code_heavy_industry/pro004-Spring/lecture/index.html]
[heavy_code_industry.gitee.io/code_heavy_industry/pro016-JVM/lecture/index.html]
[heavy_code_industry.gitee.io/code_heavy_industry/pro016-JVM/index.html]
[heavy_code_industry.gitee.io/code_heavy_industry/pro016-JVM/note/index.html]
[heavy_code_industry.gitee.io/code_heavy_industry/pro017-JUC/index.html]
[heavy_code_industry.gitee.io/code_heavy_industry/pro017-JUC/lecture/index.html]
[heavy_code_industry.gitee.io/code_heavy_industry/pro006-Linux/index.html]
[heavy_code_industry.gitee.io/code_heavy_industry/pro006-Linux/lecture/index.html]
[heavy_code_industry.gitee.io/code_heavy_industry/pro018-MySQL-high/index.html]
[heavy_code_industry.gitee.io/code_heavy_industry/pro018-MySQL-high/lecture/index.html]
[heavy_code_industry.gitee.io/code_heavy_industry/assets/img/dubbo-architecture-roadmap.23791576.jpg]
[heavy_code_industry.gitee.io/code_heavy_industry/assets/img/p01.e932268e.png]
[heavy_code_industry.gitee.io/code_heavy_industry/assets/img/p06.92cc4890.png]
[heavy_code_industry.gitee.io/code_heavy_industry/assets/img/p07.d66bbc50.png]
[heavy_code_industry.gitee.io/code_heavy_industry/assets/img/p08.3d665235.png]
[heavy_code_industry.gitee.io/code_heavy_industry/assets/img/p02.0fdfdfbb.png]
[heavy_code_industry.gitee.io/code_heavy_industry/assets/img/p03.27f5f2f5.png]
[heavy_code_industry.gitee.io/code_heavy_industry/assets/img/p04.44a49a3c.png]
[heavy_code_industry.gitee.io/code_heavy_industry/assets/img/p09.294fb33a.png]
[heavy_code_industry.gitee.io/code_heavy_industry/pro007-Redis/index.html]
[heavy_code_industry.gitee.io/code_heavy_industry/pro008-Git/index.html]
[heavy_code_industry.gitee.io/code_heavy_industry/pro008-Git/lecture/index.html]
[heavy_code_industry.gitee.io/code_heavy_industry/assets/img/img001.4a637d1b.png]
[heavy_code_industry.gitee.io/code_heavy_industry/assets/img/img002.fa75eaab.jpg]
[heavy_code_industry.gitee.io/code_heavy_industry/assets/img/img004.dd420b78.png]
[heavy_code_industry.gitee.io/code_heavy_industry/assets/img/img005.b74e8651.png]
[heavy_code_industry.gitee.io/code_heavy_industry/assets/img/img006.72b1673d.png]
[heavy_code_industry.gitee.io/code_heavy_industry/assets/img/img007.f77eeb71.png]
[heavy_code_industry.gitee.io/code_heavy_industry/assets/img/img008.f9528631.png]
[heavy_code_industry.gitee.io/code_heavy_industry/assets/img/img010.12e6e141.png]
[heavy_code_industry.gitee.io/code_heavy_industry/assets/img/img013.aa8369a0.png]
[heavy_code_industry.gitee.io/code_heavy_industry/assets/img/img014.cdb44ba7.png]
[heavy_code_industry.gitee.io/code_heavy_industry/assets/img/img015.ce278ac3.png]
[heavy_code_industry.gitee.io/code_heavy_industry/assets/img/img016.57dd7a48.png]
[heavy_code_industry.gitee.io/code_heavy_industry/pro009-Nginx/snapshot/index.html]
[heavy_code_industry.gitee.io/code_heavy_industry/pro000-dev-story/chapter01/content.html]
[heavy_code_industry.gitee.io/code_heavy_industry/pro000-dev-story/chapter02/content.html]
[heavy_code_industry.gitee.io/code_heavy_industry/pro000-dev-story/chapter03/content.html]
[heavy_code_industry.gitee.io/code_heavy_industry/pro000-dev-story/chapter04/content.html]
[heavy_code_industry.gitee.io/code_heavy_industry/pro000-dev-story/chapter05/content.html]
[heavy_code_industry.gitee.io/code_heavy_industry/pro000-dev-story/chapter06/content.html]
[heavy_code_industry.gitee.io/code_heavy_industry/pro000-dev-story/chapter07/content.html]
[heavy_code_industry.gitee.io/code_heavy_industry/pro000-dev-story/chapter08/content.html]
[heavy_code_industry.gitee.io/code_heavy_industry/pro000-dev-story/chapter09/content.html]
[heavy_code_industry.gitee.io/code_heavy_industry/pro000-dev-story/chapter10/content.html]
[heavy_code_industry.gitee.io/code_heavy_industry/pro000-dev-story/index.html]
[heavy_code_industry.gitee.io/code_heavy_industry/pro000-dev-story/chapter11/content.html]
[heavy_code_industry.gitee.io/code_heavy_industry/pro999-brain/chapter01/index.html]
[heavy_code_industry.gitee.io/code_heavy_industry/pro999-brain/chapter02/index.html]
[heavy_code_industry.gitee.io/code_heavy_industry/pro999-brain/chapter03/index.html]
[heavy_code_industry.gitee.io/code_heavy_industry/pro999-brain/chapter04/index.html]
[heavy_code_industry.gitee.io/code_heavy_industry/pro999-brain/chapter05/index.html]
[heavy_code_industry.gitee.io/code_heavy_industry/pro999-brain/chapter06/index.html]
[heavy_code_industry.gitee.io/code_heavy_industry/pro999-brain/chapter07/index.html]
[heavy_code_industry.gitee.io/code_heavy_industry/pro999-brain/chapter08/index.html]
[heavy_code_industry.gitee.io/code_heavy_industry/pro999-brain/index.html]
[heavy_code_industry.gitee.io/code_heavy_industry/pro012-ElasticSearch/index.html]
[heavy_code_industry.gitee.io/code_heavy_industry/pro012-ElasticSearch/lecture/index.html]
[heavy_code_industry.gitee.io/code_heavy_industry/pro998-interview/company_real/company0001_jingruizongheng.html]
[heavy_code_industry.gitee.io/code_heavy_industry/pro998-interview/company_real/company0002_meizhilin.html]
[heavy_code_industry.gitee.io/code_heavy_industry/pro998-interview/company_real/company0003_zhaoshangyonglong.html]
[heavy_code_industry.gitee.io/code_heavy_industry/pro998-interview/company_real/company0004_zhongkeruan.html]
[heavy_code_industry.gitee.io/code_heavy_industry/pro998-interview/distribution-micro-service/index.html]
[heavy_code_industry.gitee.io/code_heavy_industry/pro998-interview/distribution-redis/index.html]
[heavy_code_industry.gitee.io/code_heavy_industry/pro998-interview/distribution-mq/index.html]
[heavy_code_industry.gitee.io/code_heavy_industry/pro998-interview/performance-mysql/index.html]
[heavy_code_industry.gitee.io/code_heavy_industry/pro998-interview/index.html]
[heavy_code_industry.gitee.io/code_heavy_industry/assets/img/search.83621669.svg]
[heavy_code_industry.gitee.io/code_heavy_industry/index-2.html]
[res.wx.qq.com/open/js/jweixin-1.6.0.js]
[cdn.wostatic.cn/dist/lib/bootstrap/4.4.1/css/bootstrap.min.css]
[www.googletagmanager.com/gtm5445.html]
[heavy_code_industry.gitee.io/code_heavy_industry/pro998-interview/performance-juc/index.html]
[cdn.wostatic.cn/dist/lib/katex/0.12.0/fonts/KaTeX_AMS-Regular.woff2]
[cdn.wostatic.cn/dist/lib/katex/0.12.0/fonts/KaTeX_AMS-Regular.woff]
[cdn.wostatic.cn/dist/lib/katex/0.12.0/fonts/KaTeX_AMS-Regular.ttf]
[cdn.wostatic.cn/dist/lib/katex/0.12.0/fonts/KaTeX_Caligraphic-Bold.woff2]
[cdn.wostatic.cn/dist/lib/katex/0.12.0/fonts/KaTeX_Caligraphic-Bold.woff]
[cdn.wostatic.cn/dist/lib/katex/0.12.0/fonts/KaTeX_Caligraphic-Bold.ttf]
[cdn.wostatic.cn/dist/lib/katex/0.12.0/fonts/KaTeX_Caligraphic-Regular.woff2]
[cdn.wostatic.cn/dist/lib/katex/0.12.0/fonts/KaTeX_Caligraphic-Regular.woff]
[cdn.wostatic.cn/dist/lib/katex/0.12.0/fonts/KaTeX_Caligraphic-Regular.ttf]
[cdn.wostatic.cn/dist/lib/katex/0.12.0/fonts/KaTeX_Fraktur-Bold.woff2]
[cdn.wostatic.cn/dist/lib/katex/0.12.0/fonts/KaTeX_Fraktur-Bold.woff]
[cdn.wostatic.cn/dist/lib/katex/0.12.0/fonts/KaTeX_Fraktur-Bold.ttf]
[cdn.wostatic.cn/dist/lib/katex/0.12.0/fonts/KaTeX_Fraktur-Regular.woff2]
[cdn.wostatic.cn/dist/lib/katex/0.12.0/fonts/KaTeX_Fraktur-Regular.woff]
[cdn.wostatic.cn/dist/lib/katex/0.12.0/fonts/KaTeX_Fraktur-Regular.ttf]
[cdn.wostatic.cn/dist/lib/katex/0.12.0/fonts/KaTeX_Main-Bold.woff2]
[cdn.wostatic.cn/dist/lib/katex/0.12.0/fonts/KaTeX_Main-Bold.woff]
[cdn.wostatic.cn/dist/lib/katex/0.12.0/fonts/KaTeX_Main-Bold.ttf]
[cdn.wostatic.cn/dist/lib/katex/0.12.0/fonts/KaTeX_Main-BoldItalic.woff2]
[cdn.wostatic.cn/dist/lib/katex/0.12.0/fonts/KaTeX_Main-BoldItalic.woff]
[cdn.wostatic.cn/dist/lib/katex/0.12.0/fonts/KaTeX_Main-BoldItalic.ttf]
[cdn.wostatic.cn/dist/lib/katex/0.12.0/fonts/KaTeX_Main-Italic.woff2]
[cdn.wostatic.cn/dist/lib/katex/0.12.0/fonts/KaTeX_Main-Italic.woff]
[cdn.wostatic.cn/dist/lib/katex/0.12.0/fonts/KaTeX_Main-Italic.ttf]
[cdn.wostatic.cn/dist/lib/katex/0.12.0/fonts/KaTeX_Main-Regular.woff2]
[cdn.wostatic.cn/dist/lib/katex/0.12.0/fonts/KaTeX_Main-Regular.woff]
[cdn.wostatic.cn/dist/lib/katex/0.12.0/fonts/KaTeX_Main-Regular.ttf]
[cdn.wostatic.cn/dist/lib/katex/0.12.0/fonts/KaTeX_Math-BoldItalic.woff2]
[cdn.wostatic.cn/dist/lib/katex/0.12.0/fonts/KaTeX_Math-BoldItalic.woff]
[cdn.wostatic.cn/dist/lib/katex/0.12.0/fonts/KaTeX_Math-BoldItalic.ttf]
[cdn.wostatic.cn/dist/lib/katex/0.12.0/fonts/KaTeX_Math-Italic.woff2]
[cdn.wostatic.cn/dist/lib/katex/0.12.0/fonts/KaTeX_Math-Italic.woff]
[cdn.wostatic.cn/dist/lib/katex/0.12.0/fonts/KaTeX_Math-Italic.ttf]
[cdn.wostatic.cn/dist/lib/katex/0.12.0/fonts/KaTeX_SansSerif-Bold.woff2]
[cdn.wostatic.cn/dist/lib/katex/0.12.0/fonts/KaTeX_SansSerif-Bold.woff]
[cdn.wostatic.cn/dist/lib/katex/0.12.0/fonts/KaTeX_SansSerif-Bold.ttf]
[cdn.wostatic.cn/dist/lib/katex/0.12.0/fonts/KaTeX_SansSerif-Italic.woff2]
[cdn.wostatic.cn/dist/lib/katex/0.12.0/fonts/KaTeX_SansSerif-Italic.woff]
[cdn.wostatic.cn/dist/lib/katex/0.12.0/fonts/KaTeX_SansSerif-Italic.ttf]
[cdn.wostatic.cn/dist/lib/katex/0.12.0/fonts/KaTeX_SansSerif-Regular.woff2]
[cdn.wostatic.cn/dist/lib/katex/0.12.0/fonts/KaTeX_SansSerif-Regular.woff]
[cdn.wostatic.cn/dist/lib/katex/0.12.0/fonts/KaTeX_SansSerif-Regular.ttf]
[cdn.wostatic.cn/dist/lib/katex/0.12.0/fonts/KaTeX_Script-Regular.woff2]
[cdn.wostatic.cn/dist/lib/katex/0.12.0/fonts/KaTeX_Script-Regular.woff]
[cdn.wostatic.cn/dist/lib/katex/0.12.0/fonts/KaTeX_Script-Regular.ttf]
[cdn.wostatic.cn/dist/lib/katex/0.12.0/fonts/KaTeX_Size1-Regular.woff2]
[cdn.wostatic.cn/dist/lib/katex/0.12.0/fonts/KaTeX_Size1-Regular.woff]
[cdn.wostatic.cn/dist/lib/katex/0.12.0/fonts/KaTeX_Size1-Regular.ttf]
[cdn.wostatic.cn/dist/lib/katex/0.12.0/fonts/KaTeX_Size2-Regular.woff2]
[cdn.wostatic.cn/dist/lib/katex/0.12.0/fonts/KaTeX_Size2-Regular.woff]
[cdn.wostatic.cn/dist/lib/katex/0.12.0/fonts/KaTeX_Size2-Regular.ttf]
[cdn.wostatic.cn/dist/lib/katex/0.12.0/fonts/KaTeX_Size3-Regular.woff2]
[cdn.wostatic.cn/dist/lib/katex/0.12.0/fonts/KaTeX_Size3-Regular.woff]
[cdn.wostatic.cn/dist/lib/katex/0.12.0/fonts/KaTeX_Size3-Regular.ttf]
[cdn.wostatic.cn/dist/lib/katex/0.12.0/fonts/KaTeX_Size4-Regular.woff2]
[cdn.wostatic.cn/dist/lib/katex/0.12.0/fonts/KaTeX_Size4-Regular.woff]
[cdn.wostatic.cn/dist/lib/katex/0.12.0/fonts/KaTeX_Size4-Regular.ttf]
[cdn.wostatic.cn/dist/lib/katex/0.12.0/fonts/KaTeX_Typewriter-Regular.woff2]
[cdn.wostatic.cn/dist/lib/katex/0.12.0/fonts/KaTeX_Typewriter-Regular.woff]
[cdn.wostatic.cn/dist/lib/katex/0.12.0/fonts/KaTeX_Typewriter-Regular.ttf]
[cdn.wostatic.cn/dist/lib/katex/0.12.0/katex.min.custom.css]
[cdn.wostatic.cn/dist/lib/video-js/video-js.min.css]
[cdn.wostatic.cn/dist/lib/rhap/rhap.min.css]
[cdn.wostatic.cn/dist/assets/img/0e7418fc07e76004c51e2fe0a5b7093f.png]
[cdn.wostatic.cn/dist/css/contrib_7d1043473d55.d5ced871.css]
[cdn.wostatic.cn/dist/css/app.f58c803d.css]
[heavy_code_industry.gitee.io/code_heavy_industry/pro001-javaweb/lecture/chapter01/index.html]
[heavy_code_industry.gitee.io/code_heavy_industry/pro001-javaweb/lecture/chapter02/index.html]
[heavy_code_industry.gitee.io/code_heavy_industry/pro001-javaweb/lecture/chapter03/index.html]
[heavy_code_industry.gitee.io/code_heavy_industry/pro001-javaweb/lecture/chapter04/index.html]
[heavy_code_industry.gitee.io/code_heavy_industry/pro001-javaweb/lecture/bookstore01/index.html]
[heavy_code_industry.gitee.io/code_heavy_industry/pro001-javaweb/lecture/chapter05/index.html]
[heavy_code_industry.gitee.io/code_heavy_industry/pro001-javaweb/lecture/chapter06/index.html]
[heavy_code_industry.gitee.io/code_heavy_industry/pro001-javaweb/lecture/chapter07/index.html]
[heavy_code_industry.gitee.io/code_heavy_industry/pro001-javaweb/lecture/bookstore02/index.html]
[heavy_code_industry.gitee.io/code_heavy_industry/pro001-javaweb/lecture/chapter08/index.html]
[heavy_code_industry.gitee.io/code_heavy_industry/pro001-javaweb/lecture/bookstore03/index.html]
[heavy_code_industry.gitee.io/code_heavy_industry/pro001-javaweb/lecture/chapter09/index.html]
[heavy_code_industry.gitee.io/code_heavy_industry/pro001-javaweb/lecture/bookstore04/index.html]
[heavy_code_industry.gitee.io/code_heavy_industry/pro001-javaweb/lecture/chapter10/index.html]
[heavy_code_industry.gitee.io/code_heavy_industry/pro001-javaweb/lecture/bookstore05/index.html]
[heavy_code_industry.gitee.io/code_heavy_industry/pro001-javaweb/lecture/chapter11/index.html]
[heavy_code_industry.gitee.io/code_heavy_industry/pro001-javaweb/lecture/chapter12/index.html]
[heavy_code_industry.gitee.io/code_heavy_industry/pro001-javaweb/lecture/index.html]
[heavy_code_industry.gitee.io/code_heavy_industry/pro001-javaweb/lecture/bookstore06/index.html]
[heavy_code_industry.gitee.io/code_heavy_industry/pro001-javaweb/note/note001-HTML.html]
[heavy_code_industry.gitee.io/code_heavy_industry/pro001-javaweb/note/note002-JavaScript.html]
[heavy_code_industry.gitee.io/code_heavy_industry/pro001-javaweb/note/note003-Vue.html]
[heavy_code_industry.gitee.io/code_heavy_industry/pro001-javaweb/note/note004-HTTP.html]
[heavy_code_industry.gitee.io/code_heavy_industry/pro001-javaweb/note/note005-Servlet.html]
[heavy_code_industry.gitee.io/code_heavy_industry/pro001-javaweb/note/note006-Thymeleaf.html]
[heavy_code_industry.gitee.io/code_heavy_industry/pro001-javaweb/note/note007-session.html]
[heavy_code_industry.gitee.io/code_heavy_industry/pro001-javaweb/note/note008-filter.html]
[heavy_code_industry.gitee.io/code_heavy_industry/pro001-javaweb/note/note009-listener.html]
[heavy_code_industry.gitee.io/code_heavy_industry/pro001-javaweb/note/index.html]
[heavy_code_industry.gitee.io/code_heavy_industry/pro001-javaweb/note/note010-ajax.html]
[heavy_code_industry.gitee.io/code_heavy_industry/pro002-maven/chapter01/verse01.html]
[heavy_code_industry.gitee.io/code_heavy_industry/pro002-maven/chapter01/index.html]
[heavy_code_industry.gitee.io/code_heavy_industry/pro002-maven/chapter01/verse02.html]
[heavy_code_industry.gitee.io/code_heavy_industry/pro002-maven/chapter02/verse01.html]
[heavy_code_industry.gitee.io/code_heavy_industry/pro002-maven/chapter02/index.html]
[heavy_code_industry.gitee.io/code_heavy_industry/pro002-maven/chapter02/verse02.html]
[heavy_code_industry.gitee.io/code_heavy_industry/pro002-maven/chapter03/verse01.html]
[heavy_code_industry.gitee.io/code_heavy_industry/pro002-maven/chapter03/verse02.html]
[heavy_code_industry.gitee.io/code_heavy_industry/pro002-maven/chapter03/verse03.html]
[heavy_code_industry.gitee.io/code_heavy_industry/pro002-maven/chapter03/verse05.html]
[heavy_code_industry.gitee.io/code_heavy_industry/pro002-maven/chapter03/verse04.html]
[heavy_code_industry.gitee.io/code_heavy_industry/pro002-maven/chapter03/verse06.html]
[heavy_code_industry.gitee.io/code_heavy_industry/pro002-maven/chapter03/verse07.html]
[heavy_code_industry.gitee.io/code_heavy_industry/pro002-maven/chapter03/verse08.html]
[heavy_code_industry.gitee.io/code_heavy_industry/pro002-maven/chapter03/verse09.html]
[heavy_code_industry.gitee.io/code_heavy_industry/pro002-maven/chapter03/index.html]
[heavy_code_industry.gitee.io/code_heavy_industry/pro002-maven/chapter03/verse10.html]
[heavy_code_industry.gitee.io/code_heavy_industry/pro002-maven/chapter04/verse01.html]
[heavy_code_industry.gitee.io/code_heavy_industry/pro002-maven/chapter04/verse02.html]
[heavy_code_industry.gitee.io/code_heavy_industry/pro002-maven/chapter04/verse03.html]
[heavy_code_industry.gitee.io/code_heavy_industry/pro002-maven/chapter04/verse04.html]
[heavy_code_industry.gitee.io/code_heavy_industry/pro002-maven/chapter04/index.html]
[heavy_code_industry.gitee.io/code_heavy_industry/pro002-maven/chapter05/index.html]
[heavy_code_industry.gitee.io/code_heavy_industry/pro002-maven/chapter04/verse05.html]
[heavy_code_industry.gitee.io/code_heavy_industry/pro002-maven/chapter06/verse01.html]
[heavy_code_industry.gitee.io/code_heavy_industry/pro002-maven/chapter06/verse02.html]
[heavy_code_industry.gitee.io/code_heavy_industry/pro002-maven/chapter06/verse03.html]
[heavy_code_industry.gitee.io/code_heavy_industry/pro002-maven/chapter06/verse05.html]
[heavy_code_industry.gitee.io/code_heavy_industry/pro002-maven/chapter06/verse06.html]
[heavy_code_industry.gitee.io/code_heavy_industry/pro002-maven/chapter06/verse04.html]
[heavy_code_industry.gitee.io/code_heavy_industry/pro002-maven/chapter06/verse07.html]
[heavy_code_industry.gitee.io/code_heavy_industry/pro002-maven/chapter06/verse09.html]
[heavy_code_industry.gitee.io/code_heavy_industry/pro002-maven/chapter06/verse10.html]
[heavy_code_industry.gitee.io/code_heavy_industry/pro002-maven/chapter06/index.html]
[heavy_code_industry.gitee.io/code_heavy_industry/pro002-maven/chapter06/verse11.html]
[heavy_code_industry.gitee.io/code_heavy_industry/pro002-maven/chapter07/verse01.html]
[heavy_code_industry.gitee.io/code_heavy_industry/pro002-maven/chapter07/verse03.html]
[heavy_code_industry.gitee.io/code_heavy_industry/pro002-maven/chapter07/verse04.html]
[heavy_code_industry.gitee.io/code_heavy_industry/pro002-maven/chapter07/verse05.html]
[heavy_code_industry.gitee.io/code_heavy_industry/pro002-maven/chapter07/index.html]
[heavy_code_industry.gitee.io/code_heavy_industry/pro002-maven/chapter07/verse06.html]
[heavy_code_industry.gitee.io/code_heavy_industry/pro002-maven/chapter08/verse01.html]
[heavy_code_industry.gitee.io/code_heavy_industry/pro002-maven/chapter08/verse02.html]
[heavy_code_industry.gitee.io/code_heavy_industry/pro002-maven/chapter08/verse03.html]
[heavy_code_industry.gitee.io/code_heavy_industry/pro002-maven/chapter07/verse02.html]
[heavy_code_industry.gitee.io/code_heavy_industry/pro002-maven/chapter08/verse04.html]
[heavy_code_industry.gitee.io/code_heavy_industry/pro002-maven/chapter08/verse05.html]
[heavy_code_industry.gitee.io/code_heavy_industry/pro002-maven/chapter08/index.html]
[heavy_code_industry.gitee.io/code_heavy_industry/pro002-maven/chapter08/verse06.html]
[heavy_code_industry.gitee.io/code_heavy_industry/pro002-maven/chapter09/verse01.html]
[heavy_code_industry.gitee.io/code_heavy_industry/pro002-maven/chapter09/verse02.html]
[heavy_code_industry.gitee.io/code_heavy_industry/pro002-maven/chapter09/verse03.html]
[heavy_code_industry.gitee.io/code_heavy_industry/pro002-maven/chapter09/verse04.html]
[heavy_code_industry.gitee.io/code_heavy_industry/pro002-maven/chapter09/verse05.html]
[heavy_code_industry.gitee.io/code_heavy_industry/pro002-maven/chapter09/verse06.html]
[heavy_code_industry.gitee.io/code_heavy_industry/pro002-maven/chapter09/index.html]
[heavy_code_industry.gitee.io/code_heavy_industry/pro002-maven/chapter09/verse07.html]
[heavy_code_industry.gitee.io/code_heavy_industry/pro002-maven/chapter10/verse01.html]
[heavy_code_industry.gitee.io/code_heavy_industry/pro002-maven/chapter10/verse02.html]
[heavy_code_industry.gitee.io/code_heavy_industry/pro002-maven/chapter10/index.html]
[heavy_code_industry.gitee.io/code_heavy_industry/pro002-maven/chapter10/verse03.html]
[heavy_code_industry.gitee.io/code_heavy_industry/pro003-Mybatis/lecture/chapter01/index.html]
[heavy_code_industry.gitee.io/code_heavy_industry/pro003-Mybatis/lecture/chapter02/index.html]
[heavy_code_industry.gitee.io/code_heavy_industry/pro003-Mybatis/lecture/chapter03/index.html]
[heavy_code_industry.gitee.io/code_heavy_industry/pro003-Mybatis/lecture/chapter04/index.html]
[heavy_code_industry.gitee.io/code_heavy_industry/pro003-Mybatis/lecture/chapter05/index.html]
[heavy_code_industry.gitee.io/code_heavy_industry/pro003-Mybatis/lecture/chapter06/index.html]
[heavy_code_industry.gitee.io/code_heavy_industry/pro003-Mybatis/lecture/index.html]
[heavy_code_industry.gitee.io/code_heavy_industry/pro003-Mybatis/lecture/chapter07/index.html]
[heavy_code_industry.gitee.io/code_heavy_industry/pro004-Spring/lecture/chapter01/index.html]
[heavy_code_industry.gitee.io/code_heavy_industry/pro004-Spring/lecture/chapter02/index.html]
[heavy_code_industry.gitee.io/code_heavy_industry/pro004-Spring/lecture/chapter03/index.html]
[heavy_code_industry.gitee.io/code_heavy_industry/pro004-Spring/lecture/index.html]
[heavy_code_industry.gitee.io/code_heavy_industry/pro004-Spring/lecture/chapter04/index.html]
[heavy_code_industry.gitee.io/code_heavy_industry/pro016-JVM/lecture/chapter01/index.html]
[heavy_code_industry.gitee.io/code_heavy_industry/pro016-JVM/lecture/chapter02/index.html]
[heavy_code_industry.gitee.io/code_heavy_industry/pro016-JVM/lecture/chapter03/index.html]
[heavy_code_industry.gitee.io/code_heavy_industry/pro016-JVM/lecture/chapter04/index.html]
[heavy_code_industry.gitee.io/code_heavy_industry/pro016-JVM/lecture/chapter05/index.html]
[heavy_code_industry.gitee.io/code_heavy_industry/pro016-JVM/lecture/chapter06/index.html]
[heavy_code_industry.gitee.io/code_heavy_industry/pro016-JVM/lecture/chapter07/index.html]
[heavy_code_industry.gitee.io/code_heavy_industry/pro016-JVM/lecture/chapter08/index.html]
[heavy_code_industry.gitee.io/code_heavy_industry/pro016-JVM/lecture/chapter09/index.html]
[heavy_code_industry.gitee.io/code_heavy_industry/pro016-JVM/lecture/chapter10/index.html]
[heavy_code_industry.gitee.io/code_heavy_industry/pro016-JVM/lecture/index.html]
[heavy_code_industry.gitee.io/code_heavy_industry/pro016-JVM/lecture/chapter11/index.html]
[heavy_code_industry.gitee.io/code_heavy_industry/assets/img/img001.ad146859.png]
[heavy_code_industry.gitee.io/code_heavy_industry/assets/img/img002.f266b471.png]
[heavy_code_industry.gitee.io/code_heavy_industry/assets/img/img026.3184b9f1.png]
[heavy_code_industry.gitee.io/code_heavy_industry/assets/img/img027.cea887e5.png]
[heavy_code_industry.gitee.io/code_heavy_industry/assets/img/img030.f581f9c4.png]
[heavy_code_industry.gitee.io/code_heavy_industry/assets/img/img031.d23011be.png]
[heavy_code_industry.gitee.io/code_heavy_industry/pro016-JVM/note/index.html]
[heavy_code_industry.gitee.io/code_heavy_industry/pro017-JUC/lecture/chapter01/index.html]
[heavy_code_industry.gitee.io/code_heavy_industry/pro017-JUC/lecture/chapter02/index.html]
[heavy_code_industry.gitee.io/code_heavy_industry/pro017-JUC/lecture/chapter03/index.html]
[heavy_code_industry.gitee.io/code_heavy_industry/pro017-JUC/lecture/chapter04/index.html]
[heavy_code_industry.gitee.io/code_heavy_industry/pro017-JUC/lecture/chapter05/index.html]
[heavy_code_industry.gitee.io/code_heavy_industry/pro017-JUC/lecture/chapter06/index.html]
[heavy_code_industry.gitee.io/code_heavy_industry/pro017-JUC/lecture/index.html]
[heavy_code_industry.gitee.io/code_heavy_industry/pro017-JUC/lecture/chapter07/index.html]
[heavy_code_industry.gitee.io/code_heavy_industry/pro006-Linux/lecture/chapter02/index.html]
[heavy_code_industry.gitee.io/code_heavy_industry/pro006-Linux/lecture/chapter01/index.html]
[heavy_code_industry.gitee.io/code_heavy_industry/pro006-Linux/lecture/chapter03/index.html]
[heavy_code_industry.gitee.io/code_heavy_industry/pro006-Linux/lecture/index.html]
[heavy_code_industry.gitee.io/code_heavy_industry/pro006-Linux/lecture/chapter04/index.html]
[heavy_code_industry.gitee.io/code_heavy_industry/pro018-MySQL-high/lecture/chapter01/index.html]
[heavy_code_industry.gitee.io/code_heavy_industry/pro018-MySQL-high/lecture/chapter03/index.html]
[heavy_code_industry.gitee.io/code_heavy_industry/pro018-MySQL-high/lecture/chapter04/index.html]
[heavy_code_industry.gitee.io/code_heavy_industry/pro018-MySQL-high/lecture/chapter07/index.html]
[heavy_code_industry.gitee.io/code_heavy_industry/pro018-MySQL-high/lecture/chapter08/index.html]
[heavy_code_industry.gitee.io/code_heavy_industry/pro018-MySQL-high/lecture/chapter05/index.html]
[heavy_code_industry.gitee.io/code_heavy_industry/pro018-MySQL-high/lecture/chapter06/index.html]
[heavy_code_industry.gitee.io/code_heavy_industry/pro018-MySQL-high/lecture/chapter09/index.html]
[heavy_code_industry.gitee.io/code_heavy_industry/pro018-MySQL-high/lecture/chapter10/index.html]
[heavy_code_industry.gitee.io/code_heavy_industry/pro018-MySQL-high/lecture/index.html]
[heavy_code_industry.gitee.io/code_heavy_industry/pro018-MySQL-high/lecture/chapter11/index.html]
[heavy_code_industry.gitee.io/code_heavy_industry/pro008-Git/lecture/chapter01/index.html]
[heavy_code_industry.gitee.io/code_heavy_industry/pro008-Git/lecture/chapter02/index.html]
[heavy_code_industry.gitee.io/code_heavy_industry/pro008-Git/lecture/chapter03/index.html]
[heavy_code_industry.gitee.io/code_heavy_industry/pro008-Git/lecture/chapter04/index.html]
[heavy_code_industry.gitee.io/code_heavy_industry/pro008-Git/lecture/chapter05/index.html]
[heavy_code_industry.gitee.io/code_heavy_industry/pro008-Git/lecture/chapter06.html]
[heavy_code_industry.gitee.io/code_heavy_industry/pro008-Git/lecture/index.html]
[heavy_code_industry.gitee.io/code_heavy_industry/pro000-dev-story/chapter01/content.html]
[heavy_code_industry.gitee.io/code_heavy_industry/assets/img/003.18f2c8c4.png]
[heavy_code_industry.gitee.io/code_heavy_industry/assets/img/004.87660895.png]
[heavy_code_industry.gitee.io/code_heavy_industry/assets/img/002.acb90948.jpg]
[heavy_code_industry.gitee.io/code_heavy_industry/assets/img/006.939937a0.png]
[heavy_code_industry.gitee.io/code_heavy_industry/assets/img/007.93e8b5be.jpg]
[heavy_code_industry.gitee.io/code_heavy_industry/assets/img/008.9730f28e.jpg]
[heavy_code_industry.gitee.io/code_heavy_industry/pro000-dev-story/chapter02/content.html]
[heavy_code_industry.gitee.io/code_heavy_industry/pro000-dev-story/chapter03/content.html]
[heavy_code_industry.gitee.io/code_heavy_industry/assets/img/005.72c17ca3.png]
[heavy_code_industry.gitee.io/code_heavy_industry/pro000-dev-story/chapter04/content.html]
[heavy_code_industry.gitee.io/code_heavy_industry/assets/img/009.81a1c9af.png]
[heavy_code_industry.gitee.io/code_heavy_industry/assets/img/010.d36c34ee.png]
[heavy_code_industry.gitee.io/code_heavy_industry/assets/img/011.3ac71f72.png]
[heavy_code_industry.gitee.io/code_heavy_industry/pro000-dev-story/chapter05/content.html]
[heavy_code_industry.gitee.io/code_heavy_industry/assets/img/012.e14fccce.png]
[heavy_code_industry.gitee.io/code_heavy_industry/pro000-dev-story/chapter06/content.html]
[heavy_code_industry.gitee.io/code_heavy_industry/pro000-dev-story/chapter07/content.html]
[heavy_code_industry.gitee.io/code_heavy_industry/assets/img/013.9ad8e619.png]
[heavy_code_industry.gitee.io/code_heavy_industry/assets/img/014.53e6f565.png]
[heavy_code_industry.gitee.io/code_heavy_industry/assets/img/015.aeeb8932.png]
[heavy_code_industry.gitee.io/code_heavy_industry/assets/img/016.c318a3ed.png]
[heavy_code_industry.gitee.io/code_heavy_industry/pro000-dev-story/chapter08/content.html]
[heavy_code_industry.gitee.io/code_heavy_industry/assets/img/017.3e306f0b.png]
[heavy_code_industry.gitee.io/code_heavy_industry/assets/img/018.941958a9.png]
[heavy_code_industry.gitee.io/code_heavy_industry/pro000-dev-story/chapter09/content.html]
[heavy_code_industry.gitee.io/code_heavy_industry/assets/img/019.1f3e8590.png]
[heavy_code_industry.gitee.io/code_heavy_industry/assets/img/020.f1692df3.png]
[heavy_code_industry.gitee.io/code_heavy_industry/assets/img/021.9f6d512c.png]
[heavy_code_industry.gitee.io/code_heavy_industry/pro000-dev-story/chapter10/content.html]
[heavy_code_industry.gitee.io/code_heavy_industry/assets/img/022.9d424408.png]
[heavy_code_industry.gitee.io/code_heavy_industry/assets/img/023.61995abe.png]
[heavy_code_industry.gitee.io/code_heavy_industry/assets/img/024.a2d1315a.jpg]
[heavy_code_industry.gitee.io/code_heavy_industry/assets/img/025.8120b158.png]
[heavy_code_industry.gitee.io/code_heavy_industry/assets/img/026.88bb7247.jpg]
[heavy_code_industry.gitee.io/code_heavy_industry/assets/img/030.06aa5c0e.jpg]
[heavy_code_industry.gitee.io/code_heavy_industry/assets/img/031.6b07b721.jpg]
[heavy_code_industry.gitee.io/code_heavy_industry/assets/img/032.99640095.jpg]
[heavy_code_industry.gitee.io/code_heavy_industry/pro000-dev-story/chapter11/content.html]
[heavy_code_industry.gitee.io/code_heavy_industry/pro999-brain/chapter01/index.html]
[heavy_code_industry.gitee.io/code_heavy_industry/pro999-brain/chapter02/index.html]
[heavy_code_industry.gitee.io/code_heavy_industry/pro999-brain/chapter03/index.html]
[heavy_code_industry.gitee.io/code_heavy_industry/pro999-brain/chapter04/index.html]
[heavy_code_industry.gitee.io/code_heavy_industry/pro999-brain/chapter05/index.html]
[heavy_code_industry.gitee.io/code_heavy_industry/pro999-brain/chapter06/index.html]
[heavy_code_industry.gitee.io/code_heavy_industry/pro999-brain/chapter07/index.html]
[heavy_code_industry.gitee.io/code_heavy_industry/pro999-brain/chapter08/index.html]
[heavy_code_industry.gitee.io/code_heavy_industry/pro012-ElasticSearch/lecture/chapter01/index.html]
[heavy_code_industry.gitee.io/code_heavy_industry/pro012-ElasticSearch/lecture/chapter02/index.html]
[heavy_code_industry.gitee.io/code_heavy_industry/pro012-ElasticSearch/lecture/chapter03/index.html]
[heavy_code_industry.gitee.io/code_heavy_industry/pro012-ElasticSearch/lecture/chapter04/index.html]
[heavy_code_industry.gitee.io/code_heavy_industry/pro012-ElasticSearch/lecture/chapter05/index.html]
[heavy_code_industry.gitee.io/code_heavy_industry/pro012-ElasticSearch/lecture/chapter06/index.html]
[heavy_code_industry.gitee.io/code_heavy_industry/pro012-ElasticSearch/lecture/index.html]
[heavy_code_industry.gitee.io/code_heavy_industry/pro998-interview/company_real/company0001_jingruizongheng.html]
[heavy_code_industry.gitee.io/code_heavy_industry/pro998-interview/company_real/company0002_meizhilin.html]
[heavy_code_industry.gitee.io/code_heavy_industry/pro998-interview/company_real/company0003_zhaoshangyonglong.html]
[heavy_code_industry.gitee.io/code_heavy_industry/pro012-ElasticSearch/lecture/chapter07/index.html]
[heavy_code_industry.gitee.io/code_heavy_industry/assets/img/img006.7de5612c.jpg]
[heavy_code_industry.gitee.io/code_heavy_industry/pro998-interview/company_real/company0004_zhongkeruan.html]
[heavy_code_industry.gitee.io/code_heavy_industry/pro998-interview/distribution-micro-service/spring-cloud-feign/index.html]
[heavy_code_industry.gitee.io/code_heavy_industry/pro998-interview/distribution-micro-service/index.html]
[heavy_code_industry.gitee.io/code_heavy_industry/pro998-interview/distribution-redis/index.html]
[heavy_code_industry.gitee.io/code_heavy_industry/pro998-interview/distribution-mq/index.html]
[heavy_code_industry.gitee.io/code_heavy_industry/pro998-interview/performance-mysql/index.html]
[heavy_code_industry.gitee.io/code_heavy_industry/pro998-interview/performance-juc/index.html]
[heavy_code_industry.gitee.io/code_heavy_industry/pro001-javaweb/lecture/chapter01/index.html]
[heavy_code_industry.gitee.io/code_heavy_industry/pro001-javaweb/lecture/chapter02/index.html]
[heavy_code_industry.gitee.io/code_heavy_industry/pro001-javaweb/lecture/chapter03/index.html]
[heavy_code_industry.gitee.io/code_heavy_industry/pro001-javaweb/lecture/chapter04/index.html]
[heavy_code_industry.gitee.io/code_heavy_industry/pro001-javaweb/lecture/bookstore01/index.html]
[heavy_code_industry.gitee.io/code_heavy_industry/pro001-javaweb/lecture/chapter05/index.html]
[heavy_code_industry.gitee.io/code_heavy_industry/pro001-javaweb/lecture/chapter06/index.html]
[heavy_code_industry.gitee.io/code_heavy_industry/pro001-javaweb/lecture/chapter07/index.html]
[heavy_code_industry.gitee.io/code_heavy_industry/pro001-javaweb/lecture/bookstore02/index.html]
[heavy_code_industry.gitee.io/code_heavy_industry/pro001-javaweb/lecture/chapter08/index.html]
[heavy_code_industry.gitee.io/code_heavy_industry/pro001-javaweb/lecture/bookstore03/index.html]
[heavy_code_industry.gitee.io/code_heavy_industry/pro001-javaweb/lecture/chapter09/index.html]
[heavy_code_industry.gitee.io/code_heavy_industry/pro001-javaweb/lecture/bookstore04/index.html]
[heavy_code_industry.gitee.io/code_heavy_industry/pro001-javaweb/lecture/chapter10/index.html]
[heavy_code_industry.gitee.io/code_heavy_industry/pro001-javaweb/lecture/bookstore05/index.html]
[heavy_code_industry.gitee.io/code_heavy_industry/pro001-javaweb/lecture/chapter11/index.html]
[heavy_code_industry.gitee.io/code_heavy_industry/pro001-javaweb/lecture/chapter12/index.html]
[heavy_code_industry.gitee.io/code_heavy_industry/pro001-javaweb/lecture/bookstore06/index.html]
[heavy_code_industry.gitee.io/code_heavy_industry/pro001-javaweb/note/note001-HTML.html]
[heavy_code_industry.gitee.io/code_heavy_industry/pro001-javaweb/note/note002-JavaScript.html]
[heavy_code_industry.gitee.io/code_heavy_industry/pro001-javaweb/note/note003-Vue.html]
[heavy_code_industry.gitee.io/code_heavy_industry/pro001-javaweb/note/note004-HTTP.html]
[heavy_code_industry.gitee.io/code_heavy_industry/pro001-javaweb/note/note005-Servlet.html]
[heavy_code_industry.gitee.io/code_heavy_industry/pro001-javaweb/note/note006-Thymeleaf.html]
[heavy_code_industry.gitee.io/code_heavy_industry/pro001-javaweb/note/note007-session.html]
[heavy_code_industry.gitee.io/code_heavy_industry/pro001-javaweb/note/note008-filter.html]
[heavy_code_industry.gitee.io/code_heavy_industry/pro001-javaweb/note/note009-listener.html]
[heavy_code_industry.gitee.io/code_heavy_industry/pro001-javaweb/note/note010-ajax.html]
[heavy_code_industry.gitee.io/code_heavy_industry/pro002-maven/chapter01/verse01.html]
[heavy_code_industry.gitee.io/code_heavy_industry/pro002-maven/chapter01/verse02.html]
[heavy_code_industry.gitee.io/code_heavy_industry/pro002-maven/chapter02/verse01.html]
[heavy_code_industry.gitee.io/code_heavy_industry/pro002-maven/chapter02/verse02.html]
[heavy_code_industry.gitee.io/code_heavy_industry/pro002-maven/chapter03/verse01.html]
[heavy_code_industry.gitee.io/code_heavy_industry/pro002-maven/chapter03/verse02.html]
[heavy_code_industry.gitee.io/code_heavy_industry/pro002-maven/chapter03/verse03.html]
[heavy_code_industry.gitee.io/code_heavy_industry/pro002-maven/chapter03/verse04.html]
[heavy_code_industry.gitee.io/code_heavy_industry/pro002-maven/chapter03/verse05.html]
[heavy_code_industry.gitee.io/code_heavy_industry/pro002-maven/chapter03/verse06.html]
[heavy_code_industry.gitee.io/code_heavy_industry/pro002-maven/chapter03/verse07.html]
[heavy_code_industry.gitee.io/code_heavy_industry/pro002-maven/chapter03/verse08.html]
[heavy_code_industry.gitee.io/code_heavy_industry/pro002-maven/chapter03/verse09.html]
[heavy_code_industry.gitee.io/code_heavy_industry/pro002-maven/chapter03/verse10.html]
[heavy_code_industry.gitee.io/code_heavy_industry/pro002-maven/chapter04/verse01.html]
[heavy_code_industry.gitee.io/code_heavy_industry/pro002-maven/chapter04/verse02.html]
[heavy_code_industry.gitee.io/code_heavy_industry/pro002-maven/chapter04/verse03.html]
[heavy_code_industry.gitee.io/code_heavy_industry/pro002-maven/chapter04/verse04.html]
[heavy_code_industry.gitee.io/code_heavy_industry/pro002-maven/chapter04/verse05.html]
[heavy_code_industry.gitee.io/code_heavy_industry/pro002-maven/chapter06/verse01.html]
[heavy_code_industry.gitee.io/code_heavy_industry/pro002-maven/chapter06/verse02.html]
[heavy_code_industry.gitee.io/code_heavy_industry/pro002-maven/chapter06/verse03.html]
[heavy_code_industry.gitee.io/code_heavy_industry/pro002-maven/chapter06/verse04.html]
[heavy_code_industry.gitee.io/code_heavy_industry/pro002-maven/chapter06/verse05.html]
[heavy_code_industry.gitee.io/code_heavy_industry/pro002-maven/chapter06/verse06.html]
[heavy_code_industry.gitee.io/code_heavy_industry/pro002-maven/chapter06/verse07.html]
[heavy_code_industry.gitee.io/code_heavy_industry/pro002-maven/chapter06/verse09.html]
[heavy_code_industry.gitee.io/code_heavy_industry/pro002-maven/chapter06/verse10.html]
[heavy_code_industry.gitee.io/code_heavy_industry/pro002-maven/chapter06/verse11.html]
[heavy_code_industry.gitee.io/code_heavy_industry/pro002-maven/chapter07/verse01.html]
[heavy_code_industry.gitee.io/code_heavy_industry/pro002-maven/chapter07/verse02.html]
[heavy_code_industry.gitee.io/code_heavy_industry/pro002-maven/chapter07/verse03.html]
[heavy_code_industry.gitee.io/code_heavy_industry/pro002-maven/chapter07/verse04.html]
[heavy_code_industry.gitee.io/code_heavy_industry/pro002-maven/chapter07/verse05.html]
[heavy_code_industry.gitee.io/code_heavy_industry/pro002-maven/chapter07/verse06.html]
[heavy_code_industry.gitee.io/code_heavy_industry/pro002-maven/chapter08/verse01.html]
[heavy_code_industry.gitee.io/code_heavy_industry/pro002-maven/chapter08/verse02.html]
[heavy_code_industry.gitee.io/code_heavy_industry/pro002-maven/chapter08/verse03.html]
[heavy_code_industry.gitee.io/code_heavy_industry/pro002-maven/chapter08/verse04.html]
[heavy_code_industry.gitee.io/code_heavy_industry/pro002-maven/chapter08/verse05.html]
[heavy_code_industry.gitee.io/code_heavy_industry/pro002-maven/chapter08/verse06.html]
[heavy_code_industry.gitee.io/code_heavy_industry/pro002-maven/chapter09/verse01.html]
[heavy_code_industry.gitee.io/code_heavy_industry/pro002-maven/chapter09/verse02.html]
[heavy_code_industry.gitee.io/code_heavy_industry/pro002-maven/chapter09/verse03.html]
[heavy_code_industry.gitee.io/code_heavy_industry/pro002-maven/chapter09/verse04.html]
[heavy_code_industry.gitee.io/code_heavy_industry/pro002-maven/chapter09/verse05.html]
[heavy_code_industry.gitee.io/code_heavy_industry/pro002-maven/chapter09/verse06.html]
[heavy_code_industry.gitee.io/code_heavy_industry/pro002-maven/chapter09/verse07.html]
[heavy_code_industry.gitee.io/code_heavy_industry/pro002-maven/chapter10/verse01.html]
[heavy_code_industry.gitee.io/code_heavy_industry/pro002-maven/chapter10/verse02.html]
[heavy_code_industry.gitee.io/code_heavy_industry/pro002-maven/chapter10/verse03.html]
[heavy_code_industry.gitee.io/code_heavy_industry/pro003-Mybatis/lecture/chapter01/index.html]
[heavy_code_industry.gitee.io/code_heavy_industry/pro003-Mybatis/lecture/chapter02/index.html]
[heavy_code_industry.gitee.io/code_heavy_industry/pro003-Mybatis/lecture/chapter03/index.html]
[heavy_code_industry.gitee.io/code_heavy_industry/pro003-Mybatis/lecture/chapter04/index.html]
[heavy_code_industry.gitee.io/code_heavy_industry/pro003-Mybatis/lecture/chapter05/index.html]
[heavy_code_industry.gitee.io/code_heavy_industry/pro003-Mybatis/lecture/chapter06/index.html]
[heavy_code_industry.gitee.io/code_heavy_industry/pro003-Mybatis/lecture/chapter07/index.html]
[heavy_code_industry.gitee.io/code_heavy_industry/pro004-Spring/lecture/chapter01/index.html]
[heavy_code_industry.gitee.io/code_heavy_industry/pro004-Spring/lecture/chapter02/index.html]
[heavy_code_industry.gitee.io/code_heavy_industry/pro004-Spring/lecture/chapter03/index.html]
[heavy_code_industry.gitee.io/code_heavy_industry/pro004-Spring/lecture/chapter04/index.html]
[heavy_code_industry.gitee.io/code_heavy_industry/pro016-JVM/lecture/chapter01/index.html]
[heavy_code_industry.gitee.io/code_heavy_industry/pro016-JVM/lecture/chapter02/index.html]
[heavy_code_industry.gitee.io/code_heavy_industry/pro016-JVM/lecture/chapter03/index.html]
[heavy_code_industry.gitee.io/code_heavy_industry/pro016-JVM/lecture/chapter04/index.html]
[heavy_code_industry.gitee.io/code_heavy_industry/pro016-JVM/lecture/chapter05/index.html]
[heavy_code_industry.gitee.io/code_heavy_industry/pro016-JVM/lecture/chapter06/index.html]
[heavy_code_industry.gitee.io/code_heavy_industry/pro016-JVM/lecture/chapter07/index.html]
[heavy_code_industry.gitee.io/code_heavy_industry/pro016-JVM/lecture/chapter08/index.html]
[heavy_code_industry.gitee.io/code_heavy_industry/pro016-JVM/lecture/chapter09/index.html]
[heavy_code_industry.gitee.io/code_heavy_industry/pro016-JVM/lecture/chapter10/index.html]
[heavy_code_industry.gitee.io/code_heavy_industry/pro016-JVM/lecture/chapter11/index.html]
[heavy_code_industry.gitee.io/code_heavy_industry/pro017-JUC/lecture/chapter01/index.html]
[heavy_code_industry.gitee.io/code_heavy_industry/pro017-JUC/lecture/chapter02/index.html]
[heavy_code_industry.gitee.io/code_heavy_industry/pro017-JUC/lecture/chapter03/index.html]
[heavy_code_industry.gitee.io/code_heavy_industry/pro017-JUC/lecture/chapter04/index.html]
[heavy_code_industry.gitee.io/code_heavy_industry/pro017-JUC/lecture/chapter05/index.html]
[heavy_code_industry.gitee.io/code_heavy_industry/pro017-JUC/lecture/chapter06/index.html]
[heavy_code_industry.gitee.io/code_heavy_industry/pro017-JUC/lecture/chapter07/index.html]
[heavy_code_industry.gitee.io/code_heavy_industry/pro006-Linux/lecture/chapter01/index.html]
[heavy_code_industry.gitee.io/code_heavy_industry/pro006-Linux/lecture/chapter02/index.html]
[heavy_code_industry.gitee.io/code_heavy_industry/pro006-Linux/lecture/chapter03/index.html]
[heavy_code_industry.gitee.io/code_heavy_industry/pro006-Linux/lecture/chapter04/index.html]
[heavy_code_industry.gitee.io/code_heavy_industry/pro018-MySQL-high/lecture/chapter01/index.html]
[heavy_code_industry.gitee.io/code_heavy_industry/pro018-MySQL-high/lecture/chapter03/index.html]
[heavy_code_industry.gitee.io/code_heavy_industry/pro018-MySQL-high/lecture/chapter04/index.html]
[heavy_code_industry.gitee.io/code_heavy_industry/pro018-MySQL-high/lecture/chapter05/index.html]
[heavy_code_industry.gitee.io/code_heavy_industry/pro018-MySQL-high/lecture/chapter06/index.html]
[heavy_code_industry.gitee.io/code_heavy_industry/pro018-MySQL-high/lecture/chapter07/index.html]
[heavy_code_industry.gitee.io/code_heavy_industry/pro018-MySQL-high/lecture/chapter08/index.html]
[heavy_code_industry.gitee.io/code_heavy_industry/pro018-MySQL-high/lecture/chapter09/index.html]
[heavy_code_industry.gitee.io/code_heavy_industry/pro018-MySQL-high/lecture/chapter10/index.html]
[heavy_code_industry.gitee.io/code_heavy_industry/pro018-MySQL-high/lecture/chapter11/index.html]
[heavy_code_industry.gitee.io/code_heavy_industry/pro008-Git/lecture/chapter01/index.html]
[heavy_code_industry.gitee.io/code_heavy_industry/pro008-Git/lecture/chapter02/index.html]
[heavy_code_industry.gitee.io/code_heavy_industry/pro008-Git/lecture/chapter03/index.html]
[heavy_code_industry.gitee.io/code_heavy_industry/pro008-Git/lecture/chapter04/index.html]
[heavy_code_industry.gitee.io/code_heavy_industry/pro008-Git/lecture/chapter05/index.html]
[heavy_code_industry.gitee.io/code_heavy_industry/pro008-Git/lecture/chapter06.html]
[heavy_code_industry.gitee.io/code_heavy_industry/pro012-ElasticSearch/lecture/chapter01/index.html]
[heavy_code_industry.gitee.io/code_heavy_industry/pro012-ElasticSearch/lecture/chapter02/index.html]
[heavy_code_industry.gitee.io/code_heavy_industry/pro012-ElasticSearch/lecture/chapter03/index.html]
[heavy_code_industry.gitee.io/code_heavy_industry/pro012-ElasticSearch/lecture/chapter04/index.html]
[heavy_code_industry.gitee.io/code_heavy_industry/pro012-ElasticSearch/lecture/chapter05/index.html]
[heavy_code_industry.gitee.io/code_heavy_industry/pro012-ElasticSearch/lecture/chapter06/index.html]
[heavy_code_industry.gitee.io/code_heavy_industry/pro012-ElasticSearch/lecture/chapter07/index.html]
[heavy_code_industry.gitee.io/code_heavy_industry/pro002-maven/chapter06/verse08.html]
[heavy_code_industry.gitee.io/code_heavy_industry/pro998-interview/distribution-micro-service/spring-cloud-feign/index.html]
[heavy_code_industry.gitee.io/code_heavy_industry/pro002-maven/chapter06/verse08.html]
